khadas@Khadas-teco:~$ cd /home/khadas/hussain/nbg/yolov3_nbg_unify_416_hussainA
khadas@Khadas-teco:~/hussain/nbg/yolov3_nbg_unify_416_hussainA$ ./build_vx.sh 
  COMPILE /home/khadas/hussain/nbg/yolov3_nbg_unify_416_hussainA/vnn_pre_process.c
  COMPILE /home/khadas/hussain/nbg/yolov3_nbg_unify_416_hussainA/vnn_yolov3.c
vnn_yolov3.c: In function 'vnn_CreateYolov3':
vnn_yolov3.c:146:29: warning: unused variable 'data' [-Wunused-variable]
  146 |     uint8_t *               data;
      |                             ^~~~
At top level:
vnn_yolov3.c:94:17: warning: 'load_data' defined but not used [-Wunused-function]
   94 | static uint8_t* load_data
      |                 ^~~~~~~~~
  COMPILE /home/khadas/hussain/nbg/yolov3_nbg_unify_416_hussainA/main.c
  COMPILE /home/khadas/hussain/nbg/yolov3_nbg_unify_416_hussainA/vnn_post_process.c
make: Nothing to be done for 'all'.
khadas@Khadas-teco:~/hussain/nbg/yolov3_nbg_unify_416_hussainA$ cd bin_r_cv4/
khadas@Khadas-teco:~/hussain/nbg/yolov3_nbg_unify_416_hussainA/bin_r_cv4$ ls
main.o  vnn_post_process.o  vnn_pre_process.o  vnn_yolov3.o  yolov3test
khadas@Khadas-teco:~/hussain/nbg/yolov3_nbg_unify_416_hussainA/bin_r_cv4$ ./yolov3test ../yolov3_88.nb ../1080p-416x416.jpg 
Create Neural Network: 521ms or 521591us
Verify...
Verify Graph: 89ms or 89590us
Start run graph [1] times...
Run the 1 time: 92.00ms or 92327.00us
vxProcessGraph execution time:
Total   92.00ms or 92380.00us
Average 92.38ms or 92380.00us
 --- Top5 ---
29659: 8.500000
29490: 8.000000
15294: 6.000000
29489: 5.750000
29658: 5.750000
khadas@Khadas-teco:~/hussain/nbg/yolov3_nbg_unify_416_hussainA/bin_r_cv4$ cd ../../yolov3_nbg_unify_608_hussainA/
khadas@Khadas-teco:~/hussain/nbg/yolov3_nbg_unify_608_hussainA$ ./build_vx.sh 
  COMPILE /home/khadas/hussain/nbg/yolov3_nbg_unify_608_hussainA/vnn_pre_process.c
  COMPILE /home/khadas/hussain/nbg/yolov3_nbg_unify_608_hussainA/vnn_yolov3.c
vnn_yolov3.c: In function 'vnn_CreateYolov3':
vnn_yolov3.c:146:29: warning: unused variable 'data' [-Wunused-variable]
  146 |     uint8_t *               data;
      |                             ^~~~
At top level:
vnn_yolov3.c:94:17: warning: 'load_data' defined but not used [-Wunused-function]
   94 | static uint8_t* load_data
      |                 ^~~~~~~~~
  COMPILE /home/khadas/hussain/nbg/yolov3_nbg_unify_608_hussainA/main.c
  COMPILE /home/khadas/hussain/nbg/yolov3_nbg_unify_608_hussainA/vnn_post_process.c
make: Nothing to be done for 'all'.
khadas@Khadas-teco:~/hussain/nbg/yolov3_nbg_unify_608_hussainA$ cd bin_r_cv4/
khadas@Khadas-teco:~/hussain/nbg/yolov3_nbg_unify_608_hussainA/bin_r_cv4$ ./yolov3test ../yolov3_88.nb ../1080p-608x608.jpg 
Create Neural Network: 120ms or 120081us
Verify...
Verify Graph: 133ms or 133806us
Start run graph [1] times...
Run the 1 time: 189.00ms or 189411.00us
vxProcessGraph execution time:
Total   189.00ms or 189474.00us
Average 189.47ms or 189474.00us
 --- Top5 ---
62995: 8.750000
62994: 7.500000
62996: 5.750000
63013: 5.500000
63014: 5.500000
khadas@Khadas-teco:~/hussain/nbg/yolov3_nbg_unify_608_hussainA/bin_r_cv4$ 
