sajjad@teco:~/sajjad/scripts$ vim parse_mnistrC.sh
sajjad@teco:~/sajjad/scripts$ vim perform_mnistrC.sh
sajjad@teco:~/sajjad/scripts$ ./perform_mnistrC.sh
main.c                                                                                                                      100% 6429   677.3KB/s   00:00
vnn_mnist.c                                                                                                                 100% 9143     4.3MB/s   00:00
vnn_post_process.c                                                                                                          100% 4152     2.3MB/s   00:00
vnn_pre_process.c                                                                                                           100%   24KB   1.0MB/s   00:00
vnn_global.h                                                                                                                100%  685   407.6KB/s   00:00
vnn_mnist.h                                                                                                                 100% 1157   972.4KB/s   00:00
vnn_post_process.h                                                                                                          100%  571   319.5KB/s   00:00
vnn_pre_process.h                                                                                                           100% 1644   879.9KB/s   00:00
mnist.nb                                                                                                                    100%   56MB  92.2MB/s   00:00
build_vx.sh                                                                                                                 100% 9340     4.4MB/s   00:00
makefile.linux                                                                                                              100% 2141   245.9KB/s   00:00
makefile.linux.def                                                                                                          100%   16KB   5.6MB/s   00:00
makefile.target_name                                                                                                        100%   20    10.4KB/s   00:00
  COMPILE /home/khadas/hussain/nbg_unify_mnist/vnn_pre_process.c
  COMPILE /home/khadas/hussain/nbg_unify_mnist/vnn_mnist.c
vnn_mnist.c: In function ‘vnn_CreateMnist’:
vnn_mnist.c:146:29: warning: unused variable ‘data’ [-Wunused-variable]
  146 |     uint8_t *               data;
      |                             ^~~~
At top level:
vnn_mnist.c:94:17: warning: ‘load_data’ defined but not used [-Wunused-function]
   94 | static uint8_t* load_data
      |                 ^~~~~~~~~
  COMPILE /home/khadas/hussain/nbg_unify_mnist/main.c
  COMPILE /home/khadas/hussain/nbg_unify_mnist/vnn_post_process.c
make: Nothing to be done for 'all'.
Executing network on Khadas.
Executing network on Khadas is saved in model_execution.log
main.c                                                                                                                      100% 6429     4.9MB/s   00:00
vnn_mnist.c                                                                                                                 100%  171KB  27.5MB/s   00:00
vnn_post_process.c                                                                                                          100% 4152     2.1MB/s   00:00
vnn_pre_process.c                                                                                                           100%   24KB   9.2MB/s   00:00
vnn_global.h                                                                                                                100%  685   387.2KB/s   00:00
vnn_mnist.h                                                                                                                 100% 1157     1.3MB/s   00:00
vnn_post_process.h                                                                                                          100%  571   348.1KB/s   00:00
vnn_pre_process.h                                                                                                           100% 1644   815.0KB/s   00:00
mnist.export.data                                                                                                           100%   51MB  93.4MB/s   00:00
build_vx.sh                                                                                                                 100% 9312     6.7MB/s   00:00
makefile.linux                                                                                                              100% 2067     1.8MB/s   00:00
makefile.linux.def                                                                                                          100%   16KB   2.6MB/s   00:00
makefile.target_name                                                                                                        100%   20    11.6KB/s   00:00
profile_exports.sh                                                                                                          100%  454   266.0KB/s   00:00
  COMPILE /home/khadas/hussain/op_test_mnist_normal_case_demo/vnn_pre_process.c
  COMPILE /home/khadas/hussain/op_test_mnist_normal_case_demo/vnn_mnist.c
  COMPILE /home/khadas/hussain/op_test_mnist_normal_case_demo/main.c
  COMPILE /home/khadas/hussain/op_test_mnist_normal_case_demo/vnn_post_process.c
make: Nothing to be done for 'all'.
Profiling network on Khadas.

Profiling network on Khadas is saved in model_profiling.log
sajjad@teco:~/sajjad/scripts$
sajjad@teco:~/sajjad/scripts$ ./parse.sh model_execution.log model_execution_parsed.log
Parsing model_execution.log....
sajjad@teco:~/sajjad/scripts$
