khadas@Khadas:~/hussain/nbg_unify_mnistx$ ./bin_r_cv4/mnist mnist.nb bmp/2.bmp.jpg
Create Neural Network: 112ms or 112344us

+++++++++++++ fdata[0] after mean: -127.000000

+++++++++++++ fdata[0] means: 127.000000 127.000000 127.000000

+++++++++++++ fdata[0] after scaling: -32385.000000
Verify...
Verify Graph: 6ms or 6099us
Start run graph [100] times...
Run the 1 time: 18.00ms or 18147.00us
Run the 2 time: 0.00ms or 262.00us
Run the 3 time: 0.00ms or 231.00us
Run the 4 time: 0.00ms or 224.00us
Run the 5 time: 0.00ms or 229.00us
Run the 6 time: 0.00ms or 221.00us
Run the 7 time: 0.00ms or 227.00us
Run the 8 time: 0.00ms or 262.00us
Run the 9 time: 0.00ms or 237.00us
Run the 10 time: 0.00ms or 226.00us
Run the 11 time: 0.00ms or 224.00us
Run the 12 time: 0.00ms or 227.00us
Run the 13 time: 0.00ms or 220.00us
Run the 14 time: 0.00ms or 222.00us
Run the 15 time: 0.00ms or 229.00us
Run the 16 time: 0.00ms or 224.00us
Run the 17 time: 0.00ms or 220.00us
Run the 18 time: 0.00ms or 234.00us
Run the 19 time: 0.00ms or 225.00us
Run the 20 time: 0.00ms or 224.00us
Run the 21 time: 0.00ms or 221.00us
Run the 22 time: 0.00ms or 258.00us
Run the 23 time: 0.00ms or 226.00us
Run the 24 time: 0.00ms or 219.00us
Run the 25 time: 0.00ms or 224.00us
Run the 26 time: 0.00ms or 218.00us
Run the 27 time: 0.00ms or 220.00us
Run the 28 time: 0.00ms or 222.00us
Run the 29 time: 0.00ms or 230.00us
Run the 30 time: 0.00ms or 221.00us
Run the 31 time: 0.00ms or 221.00us
Run the 32 time: 0.00ms or 231.00us
Run the 33 time: 0.00ms or 220.00us
Run the 34 time: 0.00ms or 220.00us
Run the 35 time: 0.00ms or 221.00us
Run the 36 time: 0.00ms or 228.00us
Run the 37 time: 0.00ms or 230.00us
Run the 38 time: 0.00ms or 242.00us
Run the 39 time: 0.00ms or 244.00us
Run the 40 time: 0.00ms or 232.00us
Run the 41 time: 0.00ms or 232.00us
Run the 42 time: 0.00ms or 231.00us
Run the 43 time: 0.00ms or 241.00us
Run the 44 time: 0.00ms or 233.00us
Run the 45 time: 0.00ms or 234.00us
Run the 46 time: 0.00ms or 237.00us
Run the 47 time: 0.00ms or 234.00us
Run the 48 time: 0.00ms or 270.00us
Run the 49 time: 0.00ms or 281.00us
Run the 50 time: 0.00ms or 240.00us
Run the 51 time: 0.00ms or 234.00us
Run the 52 time: 0.00ms or 269.00us
Run the 53 time: 0.00ms or 251.00us
Run the 54 time: 0.00ms or 232.00us
Run the 55 time: 0.00ms or 232.00us
Run the 56 time: 0.00ms or 239.00us
Run the 57 time: 0.00ms or 234.00us
Run the 58 time: 0.00ms or 232.00us
Run the 59 time: 0.00ms or 233.00us
Run the 60 time: 0.00ms or 239.00us
Run the 61 time: 0.00ms or 241.00us
Run the 62 time: 0.00ms or 245.00us
Run the 63 time: 0.00ms or 242.00us
Run the 64 time: 0.00ms or 232.00us
Run the 65 time: 0.00ms or 229.00us
Run the 66 time: 0.00ms or 229.00us
Run the 67 time: 0.00ms or 241.00us
Run the 68 time: 0.00ms or 228.00us
Run the 69 time: 0.00ms or 230.00us
Run the 70 time: 0.00ms or 237.00us
Run the 71 time: 0.00ms or 230.00us
Run the 72 time: 0.00ms or 229.00us
Run the 73 time: 0.00ms or 232.00us
Run the 74 time: 0.00ms or 272.00us
Run the 75 time: 0.00ms or 239.00us
Run the 76 time: 0.00ms or 236.00us
Run the 77 time: 0.00ms or 241.00us
Run the 78 time: 0.00ms or 232.00us
Run the 79 time: 0.00ms or 232.00us
Run the 80 time: 0.00ms or 242.00us
Run the 81 time: 0.00ms or 236.00us
Run the 82 time: 0.00ms or 233.00us
Run the 83 time: 0.00ms or 234.00us
Run the 84 time: 0.00ms or 242.00us
Run the 85 time: 0.00ms or 232.00us
Run the 86 time: 0.00ms or 232.00us
Run the 87 time: 0.00ms or 276.00us
Run the 88 time: 0.00ms or 239.00us
Run the 89 time: 0.00ms or 232.00us
Run the 90 time: 0.00ms or 268.00us
Run the 91 time: 0.00ms or 249.00us
Run the 92 time: 0.00ms or 241.00us
Run the 93 time: 0.00ms or 234.00us
Run the 94 time: 0.00ms or 242.00us
Run the 95 time: 0.00ms or 231.00us
Run the 96 time: 0.00ms or 231.00us
Run the 97 time: 0.00ms or 234.00us
Run the 98 time: 0.00ms or 264.00us
Run the 99 time: 0.00ms or 225.00us
Run the 100 time: 0.00ms or 212.00us
vxProcessGraph execution time:
Total   48.00ms or 48331.00us
Average 0.48ms or 483.31us
 --- Top5 ---
  2: 0.000000
  3: -12.458495
  8: -12.891082
  7: -15.227050
  1: -17.216948
khadas@Khadas:~/hussain/nbg_unify_mnistx$ ./bin_r_cv4/mnist mnist.nb bmp/2.bmp.jpg
Create Neural Network: 12ms or 12123us

+++++++++++++ fdata[0] after mean: -127.000000

+++++++++++++ fdata[0] means: 127.000000 127.000000 127.000000

+++++++++++++ fdata[0] after scaling: -32385.000000
Verify...
Verify Graph: 0ms or 881us
Start run graph [100] times...
Run the 1 time: 0.00ms or 581.00us
Run the 2 time: 0.00ms or 164.00us
Run the 3 time: 0.00ms or 169.00us
Run the 4 time: 0.00ms or 161.00us
Run the 5 time: 0.00ms or 160.00us
Run the 6 time: 0.00ms or 165.00us
Run the 7 time: 0.00ms or 162.00us
Run the 8 time: 0.00ms or 161.00us
Run the 9 time: 0.00ms or 173.00us
Run the 10 time: 0.00ms or 161.00us
Run the 11 time: 0.00ms or 160.00us
Run the 12 time: 0.00ms or 161.00us
Run the 13 time: 0.00ms or 169.00us
Run the 14 time: 0.00ms or 160.00us
Run the 15 time: 0.00ms or 160.00us
Run the 16 time: 0.00ms or 159.00us
Run the 17 time: 0.00ms or 159.00us
Run the 18 time: 0.00ms or 167.00us
Run the 19 time: 0.00ms or 159.00us
Run the 20 time: 0.00ms or 159.00us
Run the 21 time: 0.00ms or 159.00us
Run the 22 time: 0.00ms or 161.00us
Run the 23 time: 0.00ms or 160.00us
Run the 24 time: 0.00ms or 160.00us
Run the 25 time: 0.00ms or 160.00us
Run the 26 time: 0.00ms or 158.00us
Run the 27 time: 0.00ms or 159.00us
Run the 28 time: 0.00ms or 160.00us
Run the 29 time: 0.00ms or 164.00us
Run the 30 time: 0.00ms or 159.00us
Run the 31 time: 0.00ms or 157.00us
Run the 32 time: 0.00ms or 158.00us
Run the 33 time: 0.00ms or 158.00us
Run the 34 time: 0.00ms or 157.00us
Run the 35 time: 0.00ms or 158.00us
Run the 36 time: 0.00ms or 159.00us
Run the 37 time: 0.00ms or 156.00us
Run the 38 time: 0.00ms or 157.00us
Run the 39 time: 0.00ms or 159.00us
Run the 40 time: 0.00ms or 157.00us
Run the 41 time: 0.00ms or 156.00us
Run the 42 time: 0.00ms or 157.00us
Run the 43 time: 0.00ms or 158.00us
Run the 44 time: 0.00ms or 156.00us
Run the 45 time: 0.00ms or 156.00us
Run the 46 time: 0.00ms or 158.00us
Run the 47 time: 0.00ms or 156.00us
Run the 48 time: 0.00ms or 157.00us
Run the 49 time: 0.00ms or 158.00us
Run the 50 time: 0.00ms or 157.00us
Run the 51 time: 0.00ms or 157.00us
Run the 52 time: 0.00ms or 157.00us
Run the 53 time: 0.00ms or 201.00us
Run the 54 time: 0.00ms or 158.00us
Run the 55 time: 0.00ms or 158.00us
Run the 56 time: 0.00ms or 158.00us
Run the 57 time: 0.00ms or 157.00us
Run the 58 time: 0.00ms or 157.00us
Run the 59 time: 0.00ms or 157.00us
Run the 60 time: 0.00ms or 159.00us
Run the 61 time: 0.00ms or 157.00us
Run the 62 time: 0.00ms or 157.00us
Run the 63 time: 0.00ms or 158.00us
Run the 64 time: 0.00ms or 157.00us
Run the 65 time: 0.00ms or 157.00us
Run the 66 time: 0.00ms or 159.00us
Run the 67 time: 0.00ms or 158.00us
Run the 68 time: 0.00ms or 158.00us
Run the 69 time: 0.00ms or 157.00us
Run the 70 time: 0.00ms or 211.00us
Run the 71 time: 0.00ms or 157.00us
Run the 72 time: 0.00ms or 157.00us
Run the 73 time: 0.00ms or 159.00us
Run the 74 time: 0.00ms or 157.00us
Run the 75 time: 0.00ms or 156.00us
Run the 76 time: 0.00ms or 169.00us
Run the 77 time: 0.00ms or 159.00us
Run the 78 time: 0.00ms or 157.00us
Run the 79 time: 0.00ms or 157.00us
Run the 80 time: 0.00ms or 158.00us
Run the 81 time: 0.00ms or 157.00us
Run the 82 time: 0.00ms or 156.00us
Run the 83 time: 0.00ms or 157.00us
Run the 84 time: 0.00ms or 159.00us
Run the 85 time: 0.00ms or 157.00us
Run the 86 time: 0.00ms or 157.00us
Run the 87 time: 0.00ms or 161.00us
Run the 88 time: 0.00ms or 157.00us
Run the 89 time: 0.00ms or 158.00us
Run the 90 time: 0.00ms or 157.00us
Run the 91 time: 0.00ms or 159.00us
Run the 92 time: 0.00ms or 157.00us
Run the 93 time: 0.00ms or 157.00us
Run the 94 time: 0.00ms or 159.00us
Run the 95 time: 0.00ms or 158.00us
Run the 96 time: 0.00ms or 158.00us
Run the 97 time: 0.00ms or 157.00us
Run the 98 time: 0.00ms or 159.00us
Run the 99 time: 0.00ms or 212.00us
Run the 100 time: 0.00ms or 221.00us
vxProcessGraph execution time:
Total   17.00ms or 17723.00us
Average 0.18ms or 177.23us
 --- Top5 ---
  2: 0.000000
  3: -12.458495
  8: -12.891082
  7: -15.227050
  1: -17.216948
khadas@Khadas:~/hussain/nbg_unify_mnistx$ ./bin_r_cv4/mnist mnist.nb bmp/2.bmp.jpg
Create Neural Network: 12ms or 12886us

+++++++++++++ fdata[0] after mean: -127.000000

+++++++++++++ fdata[0] means: 127.000000 127.000000 127.000000

+++++++++++++ fdata[0] after scaling: -32385.000000
Verify...
Verify Graph: 1ms or 1961us
Start run graph [100] times...
Run the 1 time: 0.00ms or 809.00us
Run the 2 time: 0.00ms or 231.00us
Run the 3 time: 0.00ms or 212.00us
Run the 4 time: 0.00ms or 205.00us
Run the 5 time: 0.00ms or 317.00us
Run the 6 time: 0.00ms or 211.00us
Run the 7 time: 0.00ms or 208.00us
Run the 8 time: 0.00ms or 213.00us
Run the 9 time: 0.00ms or 205.00us
Run the 10 time: 0.00ms or 204.00us
Run the 11 time: 0.00ms or 206.00us
Run the 12 time: 0.00ms or 276.00us
Run the 13 time: 0.00ms or 223.00us
Run the 14 time: 0.00ms or 208.00us
Run the 15 time: 0.00ms or 213.00us
Run the 16 time: 0.00ms or 201.00us
Run the 17 time: 0.00ms or 206.00us
Run the 18 time: 0.00ms or 220.00us
Run the 19 time: 0.00ms or 207.00us
Run the 20 time: 0.00ms or 224.00us
Run the 21 time: 0.00ms or 205.00us
Run the 22 time: 0.00ms or 166.00us
Run the 23 time: 0.00ms or 161.00us
Run the 24 time: 0.00ms or 160.00us
Run the 25 time: 0.00ms or 162.00us
Run the 26 time: 0.00ms or 160.00us
Run the 27 time: 0.00ms or 159.00us
Run the 28 time: 0.00ms or 159.00us
Run the 29 time: 0.00ms or 162.00us
Run the 30 time: 0.00ms or 160.00us
Run the 31 time: 0.00ms or 161.00us
Run the 32 time: 0.00ms or 161.00us
Run the 33 time: 0.00ms or 160.00us
Run the 34 time: 0.00ms or 160.00us
Run the 35 time: 0.00ms or 160.00us
Run the 36 time: 0.00ms or 162.00us
Run the 37 time: 0.00ms or 160.00us
Run the 38 time: 0.00ms or 160.00us
Run the 39 time: 0.00ms or 161.00us
Run the 40 time: 0.00ms or 161.00us
Run the 41 time: 0.00ms or 160.00us
Run the 42 time: 0.00ms or 160.00us
Run the 43 time: 0.00ms or 166.00us
Run the 44 time: 0.00ms or 161.00us
Run the 45 time: 0.00ms or 161.00us
Run the 46 time: 0.00ms or 161.00us
Run the 47 time: 0.00ms or 160.00us
Run the 48 time: 0.00ms or 159.00us
Run the 49 time: 0.00ms or 161.00us
Run the 50 time: 0.00ms or 160.00us
Run the 51 time: 0.00ms or 161.00us
Run the 52 time: 0.00ms or 160.00us
Run the 53 time: 0.00ms or 163.00us
Run the 54 time: 0.00ms or 160.00us
Run the 55 time: 0.00ms or 160.00us
Run the 56 time: 0.00ms or 160.00us
Run the 57 time: 0.00ms or 160.00us
Run the 58 time: 0.00ms or 160.00us
Run the 59 time: 0.00ms or 160.00us
Run the 60 time: 0.00ms or 161.00us
Run the 61 time: 0.00ms or 160.00us
Run the 62 time: 0.00ms or 160.00us
Run the 63 time: 0.00ms or 161.00us
Run the 64 time: 0.00ms or 160.00us
Run the 65 time: 0.00ms or 164.00us
Run the 66 time: 0.00ms or 196.00us
Run the 67 time: 0.00ms or 162.00us
Run the 68 time: 0.00ms or 165.00us
Run the 69 time: 0.00ms or 159.00us
Run the 70 time: 0.00ms or 160.00us
Run the 71 time: 0.00ms or 159.00us
Run the 72 time: 0.00ms or 159.00us
Run the 73 time: 0.00ms or 160.00us
Run the 74 time: 0.00ms or 159.00us
Run the 75 time: 0.00ms or 158.00us
Run the 76 time: 0.00ms or 185.00us
Run the 77 time: 0.00ms or 162.00us
Run the 78 time: 0.00ms or 159.00us
Run the 79 time: 0.00ms or 159.00us
Run the 80 time: 0.00ms or 160.00us
Run the 81 time: 0.00ms or 158.00us
Run the 82 time: 0.00ms or 159.00us
Run the 83 time: 0.00ms or 159.00us
Run the 84 time: 0.00ms or 160.00us
Run the 85 time: 0.00ms or 159.00us
Run the 86 time: 0.00ms or 158.00us
Run the 87 time: 0.00ms or 160.00us
Run the 88 time: 0.00ms or 158.00us
Run the 89 time: 0.00ms or 158.00us
Run the 90 time: 0.00ms or 186.00us
Run the 91 time: 0.00ms or 163.00us
Run the 92 time: 0.00ms or 161.00us
Run the 93 time: 0.00ms or 162.00us
Run the 94 time: 0.00ms or 162.00us
Run the 95 time: 0.00ms or 161.00us
Run the 96 time: 0.00ms or 159.00us
Run the 97 time: 0.00ms or 160.00us
Run the 98 time: 0.00ms or 162.00us
Run the 99 time: 0.00ms or 159.00us
Run the 100 time: 0.00ms or 161.00us
vxProcessGraph execution time:
Total   19.00ms or 19566.00us
Average 0.20ms or 195.66us
 --- Top5 ---
  2: 0.000000
  3: -12.458495
  8: -12.891082
  7: -15.227050
  1: -17.216948
khadas@Khadas:~/hussain/nbg_unify_mnistx$ ./bin_r_cv4/mnist mnist.nb bmp/2.bmp.jpg
Create Neural Network: 12ms or 12320us

+++++++++++++ fdata[0] after mean: -127.000000

+++++++++++++ fdata[0] means: 127.000000 127.000000 127.000000

+++++++++++++ fdata[0] after scaling: -32385.000000
Verify...
Verify Graph: 0ms or 884us
Start run graph [100] times...
Run the 1 time: 0.00ms or 581.00us
Run the 2 time: 0.00ms or 168.00us
Run the 3 time: 0.00ms or 236.00us
Run the 4 time: 0.00ms or 199.00us
Run the 5 time: 0.00ms or 162.00us
Run the 6 time: 0.00ms or 166.00us
Run the 7 time: 0.00ms or 162.00us
Run the 8 time: 0.00ms or 161.00us
Run the 9 time: 0.00ms or 159.00us
Run the 10 time: 0.00ms or 159.00us
Run the 11 time: 0.00ms or 159.00us
Run the 12 time: 0.00ms or 159.00us
Run the 13 time: 0.00ms or 160.00us
Run the 14 time: 0.00ms or 160.00us
Run the 15 time: 0.00ms or 160.00us
Run the 16 time: 0.00ms or 160.00us
Run the 17 time: 0.00ms or 158.00us
Run the 18 time: 0.00ms or 167.00us
Run the 19 time: 0.00ms or 159.00us
Run the 20 time: 0.00ms or 158.00us
Run the 21 time: 0.00ms or 159.00us
Run the 22 time: 0.00ms or 160.00us
Run the 23 time: 0.00ms or 158.00us
Run the 24 time: 0.00ms or 192.00us
Run the 25 time: 0.00ms or 162.00us
Run the 26 time: 0.00ms or 159.00us
Run the 27 time: 0.00ms or 158.00us
Run the 28 time: 0.00ms or 160.00us
Run the 29 time: 0.00ms or 167.00us
Run the 30 time: 0.00ms or 161.00us
Run the 31 time: 0.00ms or 159.00us
Run the 32 time: 0.00ms or 159.00us
Run the 33 time: 0.00ms or 159.00us
Run the 34 time: 0.00ms or 158.00us
Run the 35 time: 0.00ms or 161.00us
Run the 36 time: 0.00ms or 160.00us
Run the 37 time: 0.00ms or 159.00us
Run the 38 time: 0.00ms or 159.00us
Run the 39 time: 0.00ms or 160.00us
Run the 40 time: 0.00ms or 160.00us
Run the 41 time: 0.00ms or 159.00us
Run the 42 time: 0.00ms or 159.00us
Run the 43 time: 0.00ms or 159.00us
Run the 44 time: 0.00ms or 159.00us
Run the 45 time: 0.00ms or 159.00us
Run the 46 time: 0.00ms or 161.00us
Run the 47 time: 0.00ms or 160.00us
Run the 48 time: 0.00ms or 158.00us
Run the 49 time: 0.00ms or 160.00us
Run the 50 time: 0.00ms or 159.00us
Run the 51 time: 0.00ms or 158.00us
Run the 52 time: 0.00ms or 160.00us
Run the 53 time: 0.00ms or 161.00us
Run the 54 time: 0.00ms or 164.00us
Run the 55 time: 0.00ms or 161.00us
Run the 56 time: 0.00ms or 163.00us
Run the 57 time: 0.00ms or 161.00us
Run the 58 time: 0.00ms or 162.00us
Run the 59 time: 0.00ms or 160.00us
Run the 60 time: 0.00ms or 161.00us
Run the 61 time: 0.00ms or 160.00us
Run the 62 time: 0.00ms or 161.00us
Run the 63 time: 0.00ms or 161.00us
Run the 64 time: 0.00ms or 164.00us
Run the 65 time: 0.00ms or 161.00us
Run the 66 time: 0.00ms or 161.00us
Run the 67 time: 0.00ms or 184.00us
Run the 68 time: 0.00ms or 162.00us
Run the 69 time: 0.00ms or 161.00us
Run the 70 time: 0.00ms or 162.00us
Run the 71 time: 0.00ms or 161.00us
Run the 72 time: 0.00ms or 160.00us
Run the 73 time: 0.00ms or 162.00us
Run the 74 time: 0.00ms or 161.00us
Run the 75 time: 0.00ms or 160.00us
Run the 76 time: 0.00ms or 162.00us
Run the 77 time: 0.00ms or 166.00us
Run the 78 time: 0.00ms or 169.00us
Run the 79 time: 0.00ms or 160.00us
Run the 80 time: 0.00ms or 161.00us
Run the 81 time: 0.00ms or 161.00us
Run the 82 time: 0.00ms or 161.00us
Run the 83 time: 0.00ms or 160.00us
Run the 84 time: 0.00ms or 161.00us
Run the 85 time: 0.00ms or 159.00us
Run the 86 time: 0.00ms or 159.00us
Run the 87 time: 0.00ms or 161.00us
Run the 88 time: 0.00ms or 159.00us
Run the 89 time: 0.00ms or 160.00us
Run the 90 time: 0.00ms or 161.00us
Run the 91 time: 0.00ms or 161.00us
Run the 92 time: 0.00ms or 159.00us
Run the 93 time: 0.00ms or 160.00us
Run the 94 time: 0.00ms or 161.00us
Run the 95 time: 0.00ms or 160.00us
Run the 96 time: 0.00ms or 160.00us
Run the 97 time: 0.00ms or 160.00us
Run the 98 time: 0.00ms or 160.00us
Run the 99 time: 0.00ms or 159.00us
Run the 100 time: 0.00ms or 210.00us
vxProcessGraph execution time:
Total   17.00ms or 17747.00us
Average 0.18ms or 177.47us
 --- Top5 ---
  2: 0.000000
  3: -12.458495
  8: -12.891082
  7: -15.227050
  1: -17.216948
khadas@Khadas:~/hussain/nbg_unify_mnistx$ ./bin_r_cv4/mnist mnist.nb bmp/2.bmp.jpg
Create Neural Network: 14ms or 14160us

+++++++++++++ fdata[0] after mean: -127.000000

+++++++++++++ fdata[0] means: 127.000000 127.000000 127.000000

+++++++++++++ fdata[0] after scaling: -32385.000000
Verify...
Verify Graph: 0ms or 881us
Start run graph [100] times...
Run the 1 time: 0.00ms or 631.00us
Run the 2 time: 0.00ms or 178.00us
Run the 3 time: 0.00ms or 170.00us
Run the 4 time: 0.00ms or 167.00us
Run the 5 time: 0.00ms or 169.00us
Run the 6 time: 0.00ms or 169.00us
Run the 7 time: 0.00ms or 167.00us
Run the 8 time: 0.00ms or 169.00us
Run the 9 time: 0.00ms or 170.00us
Run the 10 time: 0.00ms or 168.00us
Run the 11 time: 0.00ms or 169.00us
Run the 12 time: 0.00ms or 168.00us
Run the 13 time: 0.00ms or 170.00us
Run the 14 time: 0.00ms or 178.00us
Run the 15 time: 0.00ms or 175.00us
Run the 16 time: 0.00ms or 168.00us
Run the 17 time: 0.00ms or 167.00us
Run the 18 time: 0.00ms or 176.00us
Run the 19 time: 0.00ms or 168.00us
Run the 20 time: 0.00ms or 170.00us
Run the 21 time: 0.00ms or 168.00us
Run the 22 time: 0.00ms or 167.00us
Run the 23 time: 0.00ms or 166.00us
Run the 24 time: 0.00ms or 166.00us
Run the 25 time: 0.00ms or 166.00us
Run the 26 time: 0.00ms or 165.00us
Run the 27 time: 0.00ms or 165.00us
Run the 28 time: 0.00ms or 165.00us
Run the 29 time: 0.00ms or 166.00us
Run the 30 time: 0.00ms or 165.00us
Run the 31 time: 0.00ms or 165.00us
Run the 32 time: 0.00ms or 166.00us
Run the 33 time: 0.00ms or 164.00us
Run the 34 time: 0.00ms or 166.00us
Run the 35 time: 0.00ms or 165.00us
Run the 36 time: 0.00ms or 165.00us
Run the 37 time: 0.00ms or 168.00us
Run the 38 time: 0.00ms or 167.00us
Run the 39 time: 0.00ms or 218.00us
Run the 40 time: 0.00ms or 167.00us
Run the 41 time: 0.00ms or 164.00us
Run the 42 time: 0.00ms or 167.00us
Run the 43 time: 0.00ms or 169.00us
Run the 44 time: 0.00ms or 167.00us
Run the 45 time: 0.00ms or 164.00us
Run the 46 time: 0.00ms or 168.00us
Run the 47 time: 0.00ms or 165.00us
Run the 48 time: 0.00ms or 167.00us
Run the 49 time: 0.00ms or 167.00us
Run the 50 time: 0.00ms or 166.00us
Run the 51 time: 0.00ms or 166.00us
Run the 52 time: 0.00ms or 168.00us
Run the 53 time: 0.00ms or 166.00us
Run the 54 time: 0.00ms or 166.00us
Run the 55 time: 0.00ms or 166.00us
Run the 56 time: 0.00ms or 166.00us
Run the 57 time: 0.00ms or 166.00us
Run the 58 time: 0.00ms or 166.00us
Run the 59 time: 0.00ms or 165.00us
Run the 60 time: 0.00ms or 166.00us
Run the 61 time: 0.00ms or 204.00us
Run the 62 time: 0.00ms or 165.00us
Run the 63 time: 0.00ms or 169.00us
Run the 64 time: 0.00ms or 165.00us
Run the 65 time: 0.00ms or 186.00us
Run the 66 time: 0.00ms or 170.00us
Run the 67 time: 0.00ms or 170.00us
Run the 68 time: 0.00ms or 170.00us
Run the 69 time: 0.00ms or 169.00us
Run the 70 time: 0.00ms or 173.00us
Run the 71 time: 0.00ms or 168.00us
Run the 72 time: 0.00ms or 168.00us
Run the 73 time: 0.00ms or 168.00us
Run the 74 time: 0.00ms or 167.00us
Run the 75 time: 0.00ms or 169.00us
Run the 76 time: 0.00ms or 168.00us
Run the 77 time: 0.00ms or 169.00us
Run the 78 time: 0.00ms or 167.00us
Run the 79 time: 0.00ms or 168.00us
Run the 80 time: 0.00ms or 168.00us
Run the 81 time: 0.00ms or 167.00us
Run the 82 time: 0.00ms or 167.00us
Run the 83 time: 0.00ms or 167.00us
Run the 84 time: 0.00ms or 167.00us
Run the 85 time: 0.00ms or 167.00us
Run the 86 time: 0.00ms or 168.00us
Run the 87 time: 0.00ms or 168.00us
Run the 88 time: 0.00ms or 588.00us
Run the 89 time: 0.00ms or 195.00us
Run the 90 time: 0.00ms or 190.00us
Run the 91 time: 0.00ms or 179.00us
Run the 92 time: 0.00ms or 174.00us
Run the 93 time: 0.00ms or 175.00us
Run the 94 time: 0.00ms or 180.00us
Run the 95 time: 0.00ms or 179.00us
Run the 96 time: 0.00ms or 190.00us
Run the 97 time: 0.00ms or 180.00us
Run the 98 time: 0.00ms or 178.00us
Run the 99 time: 0.00ms or 179.00us
Run the 100 time: 0.00ms or 197.00us
vxProcessGraph execution time:
Total   18.00ms or 18956.00us
Average 0.19ms or 189.56us
 --- Top5 ---
  2: 0.000000
  3: -12.458495
  8: -12.891082
  7: -15.227050
  1: -17.216948
khadas@Khadas:~/hussain/nbg_unify_mnistx$
