===============================================================
Fixing the error in minimal yolov3 while using the converted model from 608 cfg
===============================================================
khadas@Khadas:~$ cd hussain/minimal_first_working/
khadas@Khadas:~/hussain/minimal_first_working$ mkdir yolov3_nbg_unify_608_hussainA
khadas@Khadas:~/hussain/minimal_first_working$ cp -r yolov3_nbg_unify_416_hussainBR1/* yolov3_nbg_unify_608_hussainA/.
khadas@Khadas:~/hussain/minimal_first_working$ cd yolov3_nbg_unify_608_hussainA/
khadas@Khadas:~/hussain/minimal_first_working/yolov3_nbg_unify_608_hussainA$ copied recommended c,h and nb file^C
khadas@Khadas:~/hussain/minimal_first_working/yolov3_nbg_unify_608_hussainA$ vim vnn_yolov3.c
khadas@Khadas:~/hussain/minimal_first_working/yolov3_nbg_unify_608_hussainA$ ./build_vx.sh
  COMPILE /home/khadas/hussain/minimal_first_working/yolov3_nbg_unify_608_hussainA/yolov3_process.c
  COMPILE /home/khadas/hussain/minimal_first_working/yolov3_nbg_unify_608_hussainA/vnn_pre_process.c
  COMPILE /home/khadas/hussain/minimal_first_working/yolov3_nbg_unify_608_hussainA/vnn_yolov3.c
vnn_yolov3.c: In function ‘vnn_CreateYolov3’:
vnn_yolov3.c:146:29: warning: unused variable ‘data’ [-Wunused-variable]
  146 |     uint8_t *               data;
      |                             ^~~~
At top level:
vnn_yolov3.c:94:17: warning: ‘load_data’ defined but not used [-Wunused-function]
   94 | static uint8_t* load_data
      |                 ^~~~~~~~~
  COMPILE /home/khadas/hussain/minimal_first_working/yolov3_nbg_unify_608_hussainA/main.c
  COMPILE /home/khadas/hussain/minimal_first_working/yolov3_nbg_unify_608_hussainA/vnn_post_process.c
make: Nothing to be done for 'all'.
khadas@Khadas:~/hussain/minimal_first_working/yolov3_nbg_unify_608_hussainA$ ls bin_r_cv4/
khadas@Khadas:~/hussain/minimal_first_working/yolov3_nbg_unify_608_hussainA$ ./bin_r_cv4/yolov3test yolov3_88.nb ~/hussain/img/608/person_608.jpg
Create Neural Network: 87ms or 87841us
model.width:608 model.height:608 model.channel:3
>>>>>>>>>>><<<<<<<<<<<<<<
Draw rectangle for 3 detections of person_416.jpg
>>>>>>>>>>><<<<<<<<<<<<<<
Verify...
Verify Graph: 12ms or 12131us
Start run graph [1] times...
Run the 1 time: 189.00ms or 189174.00us
vxProcessGraph execution time:
Total   189.00ms or 189231.00us
Average 189.23ms or 189231.00us
 --- Top5 ---
32686: 11.250000
32687: 9.250000
32705: 8.750000
38832: 8.750000
32325: 8.250000

>>>>>>>>>>><<<<<<<<<<<<<<
>>The Detection Classes<<
>>>>>>>>>>><<<<<<<<<<<<<<
No.0: Names and Prob: person, 100%
left=0.300029,top=0.214368,right=0.421229,bot=0.903786
No.1: Names and Prob: horse, 100%
left=0.621584,top=0.300886,right=0.951038,bot=0.837806
No.2: Names and Prob: dog, 100%
left=0.118294,top=0.624922,right=0.309084,bot=0.814992

done!

