=======================================================================================
Debugging the old SD Card and SDK and reinstalling it, which then works
=======================================================================================

=============================
old sdcard
=============================
khadas@Khadas-teco:~/hussain/sample_demo_x11_yolov3/bin_r_cv4$ uname -a
Linux Khadas-teco 4.9.241 #739 SMP PREEMPT Fri Apr 29 10:15:28 CST 2022 aarch64 aarch64 aarch64 GNU/Linux
khadas@Khadas-teco:~/hussain/sample_demo_x11_yolov3/bin_r_cv4$


=============================
Teco
=============================
sajjad@teco:~/sajjad/npusdk2/aml_npu_sdk/acuity-toolkit/demo$ uname -a
Linux teco 5.4.0-107-generic #121~18.04.1-Ubuntu SMP Thu Mar 24 17:21:33 UTC 2022 x86_64 x86_64 x86_64 GNU/Linux
sajjad@teco:~/sajjad/npusdk2/aml_npu_sdk/acuity-toolkit/demo$

=============================
new sdcard
=============================
khadas@Khadas:~$ uname -a
Linux Khadas 4.9.241 #739 SMP PREEMPT Fri Apr 29 10:15:28 CST 2022 aarch64 aarch64 aarch64 GNU/Linux
khadas@Khadas:~$



=============================
after reinstalling old sdcard
=============================
khadas@Khadas:~$ uname -a
Linux Khadas 4.9.241 #24 SMP PREEMPT Fri Dec 17 17:42:23 CST 2021 aarch64 aarch64 aarch64 GNU/Linux
khadas@Khadas:~$



installed VIM3_Ubuntu-gnome-focal_Linux-4.9_arm64_SD-USB_V1.0.9-211217.img
installed updates

khadas@Khadas:~/hussain/sample_demo_x11_yolov3$ sudo apt-get update

installed openvcv

khadas@Khadas:~/hussain/sample_demo_x11_yolov3$ sudo apt install libopencv-dev python3-opencv
copied the files from nbg_unify_yolov3_sajjad_416

compiled

detections=OK

khadas@Khadas:~/hussain/sample_demo_x11_yolov3$ cd bin_r_cv4/
khadas@Khadas:~/hussain/sample_demo_x11_yolov3/bin_r_cv4$ ./detect_demo_x11 -m 2 -p /media/khadas/SAJJAD/hussain/novelsense_git/khadas/img/1920x1056/person_1920x1056.jpg
det_set_log_config Debug
det_set_model success!!

model.width:416
model.height:416
model.channel:3

Det_set_input START
Det_set_input END
Det_get_result START
Det_get_result END

resultData.detect_num=3
result type is 2
i:3 left:1229.45 right:1790.18 top:346.862 bottom:860.901
i:3 left:201.707 right:618.665 top:649.367 bottom:883.02
i:3 left:565.385 right:837.692 top:265.694 bottom:919.725
khadas@Khadas:~/hussain/sample_demo_x11_yolov3/bin_r_cv4$

========================================================
checking for nbg_unify_yolov3_sajjad_416normalized
========================================================
khadas@Khadas:~/hussain/sample_demo_x11_yolov3/bin_r_cv4$ check 6.4.6.2 normalized, copy c,h and nb files^C
khadas@Khadas:~/hussain/sample_demo_x11_yolov3/bin_r_cv4$ cd ..
khadas@Khadas:~/hussain/sample_demo_x11_yolov3$ rm -rf bin_r_cv4/*.o
khadas@Khadas:~/hussain/sample_demo_x11_yolov3$ ./build_vx.sh
  COMPILE /home/khadas/hussain/sample_demo_x11_yolov3/detect_log.c
  COMPILE /home/khadas/hussain/sample_demo_x11_yolov3/yolov3_process.c
  COMPILE /home/khadas/hussain/sample_demo_x11_yolov3/vnn_yolov3.c
vnn_yolov3.c: In function ‘vnn_CreateYolov3’:
vnn_yolov3.c:146:29: warning: unused variable ‘data’ [-Wunused-variable]
  146 |     uint8_t *               data;
      |                             ^~~~
At top level:
vnn_yolov3.c:94:17: warning: ‘load_data’ defined but not used [-Wunused-function]
   94 | static uint8_t* load_data
      |                 ^~~~~~~~~
  COMPILE /home/khadas/hussain/sample_demo_x11_yolov3/yolo_v3.c
  COMPILE /home/khadas/hussain/sample_demo_x11_yolov3/main.cpp
main.cpp: In function ‘int run_detect_model(int, char**)’:
main.cpp:334:10: warning: converting to non-pointer type ‘int’ from NULL [-Wconversion-null]
  334 |   return NULL;
      |          ^~~~
main.cpp:279:39: warning: unused variable ‘img_width’ [-Wunused-variable]
  279 |  int nn_height, nn_width, nn_channel, img_width, img_height;
      |                                       ^~~~~~~~~
main.cpp:279:50: warning: unused variable ‘img_height’ [-Wunused-variable]
  279 |  int nn_height, nn_width, nn_channel, img_width, img_height;
      |                                                  ^~~~~~~~~~
main.cpp: At global scope:
main.cpp:251:13: warning: ‘void crop_face(cv::Mat, cv::Mat&, DetectResult, int, int)’ defined but not used [-Wunused-function]
  251 | static void crop_face(cv::Mat sourceFrame, cv::Mat& imageROI, DetectResult resultData, int img_height, int img_width) {
      |             ^~~~~~~~~
main.cpp:98:17: warning: ‘screensize’ defined but not used [-Wunused-variable]
   98 | static long int screensize = 0;
      |                 ^~~~~~~~~~
main.cpp:97:33: warning: ‘finfo’ defined but not used [-Wunused-variable]
   97 | static struct fb_fix_screeninfo finfo;
      |                                 ^~~~~
main.cpp:96:33: warning: ‘vinfo’ defined but not used [-Wunused-variable]
   96 | static struct fb_var_screeninfo vinfo;
      |                                 ^~~~~
main.cpp:95:12: warning: ‘fbfd’ defined but not used [-Wunused-variable]
   95 | static int fbfd = 0;
      |            ^~~~
make: Nothing to be done for 'all'.
khadas@Khadas:~/hussain/sample_demo_x11_yolov3$ cd bin_r_cv4/
khadas@Khadas:~/hussain/sample_demo_x11_yolov3/bin_r_cv4$ ./detect_demo_x11 -m 2 -p /media/khadas/SAJJAD/hussain/novelsense_git/khadas/img/1920x1056/person_1920x1056.jpg
det_set_log_config Debug
det_set_model success!!

model.width:416
model.height:416
model.channel:3

Det_set_input START
Det_set_input END
Det_get_result START
Det_get_result END

resultData.detect_num=3
result type is 2
i:3 left:1149.81 right:1869.81 top:346.862 bottom:860.901
i:3 left:201.707 right:618.665 top:649.367 bottom:883.02
i:3 left:565.385 right:837.692 top:267.849 bottom:921.88
khadas@Khadas:~/hussain/sample_demo_x11_yolov3/bin_r_cv4$



