=============================================================================
Khadas System
Yolo3 khadas - executing yolo3 with shell scripts that executed onnx lenet seccessfully also executed on khadas and detection is done.log
Follows the documents below:
https://docs.khadas.com/linux/vim3/ConvertToUseNPU.html
convert and call your own model through NPU

=============================================================================

khadas@Khadas-teco:~$ cd sajjad/NPUApp/aml_npu_app/detect_library/model_code/detect_yolo_v3_as_lenet/
khadas@Khadas-teco:~/sajjad/NPUApp/aml_npu_app/detect_library/model_code/detect_yolo_v3_as_lenet$ copied different files^C
khadas@Khadas-teco:~/sajjad/NPUApp/aml_npu_app/detect_library/model_code/detect_yolo_v3_as_lenet$ ls
bin_r  build_vx.sh  include  linux_build_sample.log  makefile.linux  makefile.linux.def  makefile.target_name  vnn_yolov3.c  yolo_v3.c  yolov3_process.c
khadas@Khadas-teco:~/sajjad/NPUApp/aml_npu_app/detect_library/model_code/detect_yolo_v3_as_lenet$ ll
total 92
drwxrwxr-x  4 khadas khadas  4096 May  2 00:40 ./
drwxrwxr-x 11 khadas khadas  4096 May  2 00:38 ../
drwxrwxr-x  2 khadas khadas  4096 May  2 00:38 bin_r/
-rwxrwxr-x  1 khadas khadas  9340 Apr 15 16:52 build_vx.sh*
drwxrwxr-x  2 khadas khadas  4096 May  2 00:39 include/
-rw-rw-r--  1 khadas khadas    36 Apr 24 03:20 linux_build_sample.log
-rw-rw-r--  1 khadas khadas  1340 Apr 15 16:52 makefile.linux
-rw-rw-r--  1 khadas khadas 16406 Apr 15 16:52 makefile.linux.def
-rw-rw-r--  1 khadas khadas    31 Apr 15 16:52 makefile.target_name
-rwxrwxrwx  1 khadas khadas  9780 May  1 08:01 vnn_yolov3.c*
-rw-rw-r--  1 khadas khadas  2579 Apr 15 16:52 yolo_v3.c
-rw-rw-r--  1 khadas khadas 12425 Apr 15 16:52 yolov3_process.c
khadas@Khadas-teco:~/sajjad/NPUApp/aml_npu_app/detect_library/model_code/detect_yolo_v3_as_lenet$ ./build_vx.sh 
  COMPILE /home/khadas/sajjad/NPUApp/aml_npu_app/DDK_6.3.3.4/detect_library/model_code/detect_yolo_v3_as_lenet/vnn_yolov3.c
vnn_yolov3.c: In function 'vnn_CreateYolov3':
vnn_yolov3.c:146:29: warning: unused variable 'data' [-Wunused-variable]
  146 |     uint8_t *               data;
      |                             ^~~~
At top level:
vnn_yolov3.c:94:17: warning: 'load_data' defined but not used [-Wunused-function]
   94 | static uint8_t* load_data
      |                 ^~~~~~~~~
make: Nothing to be done for 'all'.
khadas@Khadas-teco:~/sajjad/NPUApp/aml_npu_app/detect_library/model_code/detect_yolo_v3_as_lenet$ ls
bin_r  build_vx.sh  include  linux_build_sample.log  makefile.linux  makefile.linux.def  makefile.target_name  vnn_yolov3.c  yolo_v3.c  yolov3_process.c
khadas@Khadas-teco:~/sajjad/NPUApp/aml_npu_app/detect_library/model_code/detect_yolo_v3_as_lenet$ ls bin_r/
libnn_yolo_v3.so  vnn_yolov3.o  yolo_v3.o  yolov3_process.o
khadas@Khadas-teco:~/sajjad/NPUApp/aml_npu_app/detect_library/model_code/detect_yolo_v3_as_lenet$ copied .nb and .so files into relevant folder ^C
khadas@Khadas-teco:~/sajjad/NPUApp/aml_npu_app/detect_library/model_code/detect_yolo_v3_as_lenet$ cd /home/khadas/sajjad/npu1/aml_npu_demo_binaries/detect_demo_picture/
khadas@Khadas-teco:~/sajjad/npu1/aml_npu_demo_binaries/detect_demo_picture$ ls
1.jpg      1080p1.bmp  2.jpg   3.jpg   4.jpg   5.jpg   6.jpg                    INSTALL    UNINSTALL       detect_demo_x11  eagle.jpg    giraffe.jpg   lib       nn_data     person.jpg
1080p.bmp  1a.jpg      2a.jpg  3a.jpg  4a.jpg  5a.jpg  IMG_20220322_143214.jpg  README.md  detect_demo_fb  dog.jpg          giraffe.bmp  giraffe1.jpg  lib_orig  output.bmp
khadas@Khadas-teco:~/sajjad/npu1/aml_npu_demo_binaries/detect_demo_picture$ ./detect_demo_x11 -p ./1080p.bmp -m 0
W Detect_api:[det_set_log_level:19]Set log level=1
W Detect_api:[det_set_log_level:21]output_format not support Imperfect, default to DET_LOG_TERMINAL
W Detect_api:[det_set_log_level:26]Not exist VSI_NN_LOG_LEVEL, Setenv set_vsi_log_error_level
det_set_log_config Debug
det_set_model success!!

model.width:416
model.height:416
model.channel:3

Det_set_input START
Det_set_input END
Det_get_result START
Det_get_result END

resultData.detect_num=1
result type is 2
i:1 left:967.347 right:1266.4 top:63.3736 bottom:518.165

(process:45760): Gtk-WARNING **: 00:51:16.577: Locale not supported by C library.
        Using the fallback 'C' locale.
khadas@Khadas-teco:~/sajjad/npu1/aml_npu_demo_binaries/detect_demo_picture$ 
