==============================================================================
profiling yolov3 using export.data 
==============================================================================
khadas@Khadas:~/hussain/novelsense_git/khadas/profile_results/op_test_yolov3_minimal_using_export.data/bin_r_cv4$ export VIVANTE_SDK_DIR=/home/khadas/Just_for_get_op_time/data/vcmdtools
khadas@Khadas:~/hussain/novelsense_git/khadas/profile_results/op_test_yolov3_minimal_using_export.data/bin_r_cv4$ export LD_LIBRARY_PATH=/home/khadas/Just_for_get_op_time/data/drivers_64_exportdata
khadas@Khadas:~/hussain/novelsense_git/khadas/profile_results/op_test_yolov3_minimal_using_export.data/bin_r_cv4$ export VIVANTE_SDK_DIR=/home/khadas/Just_for_get_op_time/data/vcmdtools
khadas@Khadas:~/hussain/novelsense_git/khadas/profile_results/op_test_yolov3_minimal_using_export.data/bin_r_cv4$ VIV_VX_DEBUG_LEVEL=1
khadas@Khadas:~/hussain/novelsense_git/khadas/profile_results/op_test_yolov3_minimal_using_export.data/bin_r_cv4$ export VIV_VX_DEBUG_LEVEL=1
khadas@Khadas:~/hussain/novelsense_git/khadas/profile_results/op_test_yolov3_minimal_using_export.data/bin_r_cv4$ export CNN_PERF=1
khadas@Khadas:~/hussain/novelsense_git/khadas/profile_results/op_test_yolov3_minimal_using_export.data/bin_r_cv4$ export NN_LAYER_DUMP=1
khadas@Khadas:~/hussain/novelsense_git/khadas/profile_results/op_test_yolov3_minimal_using_export.data/bin_r_cv4$ chmod +x yolov3
khadas@Khadas:~/hussain/novelsense_git/khadas/profile_results/op_test_yolov3_minimal_using_export.data/bin_r_cv4$ ./yolov3 ../yolov3.export.data ~/hussain/img/416/person_416.jpg
#productname=VIPNano-QI, pid=0x88
Create Neural Network: 527ms or 527226us
Verify...
---------------------------Begin VerifyTiling -------------------------
AXI-SRAM = 1048320 Bytes VIP-SRAM = 522240 Bytes SWTILING_PHASE_FEATURES[1, 1, 0]
  0 NN [( 416  416    3 1,   519168, 0x0x55b720dd70(0x0x55b720dd70, 0x(nil)) ->  208  208   16 1,   692224, 0x0x55b726d420(0x0x55b726d420, 0x(nil))) k(3 3    3,      640) pad(1 1) pool(2 2, 2 2)] C[  1]
  1 TP [( 208  208   16 1,   692224, 0x0x55b726d420(0x0x55b726d420, 0x(nil)) ->  208  208   16 1,   692224, 0x0x55b7228800(0x0x55b7228800, 0x(nil))) k(0 0    0,        0) pad(0 0) pool(0 0, 1 1)] P[  0] C[  2]
  2 NN [( 208  208   16 1,   692224, 0x0x55b7228800(0x0x55b7228800, 0x(nil)) ->  104  104   32 1,   346112, 0x0x55b726d9b0(0x0x55b726d9b0, 0x(nil))) k(3 3   16,     5248) pad(1 1) pool(2 2, 2 2)] P[  1] C[  3]
  3 TP [( 104  104   32 1,   346112, 0x0x55b726d9b0(0x0x55b726d9b0, 0x(nil)) ->  104  104   32 1,   346112, 0x0x55b722fa80(0x0x55b722fa80, 0x(nil))) k(0 0    0,        0) pad(0 0) pool(0 0, 1 1)] P[  2] C[  4]
  4 NN [( 104  104   32 1,   346112, 0x0x55b722fa80(0x0x55b722fa80, 0x(nil)) ->   52   52   64 1,   173056, 0x0x55b726e130(0x0x55b726e130, 0x(nil))) k(3 3   32,    22528) pad(1 1) pool(2 2, 2 2)] P[  3] C[  5]
  5 SH [(43264    4    1 1,   173056, 0x0x55b726e130(0x0x55b726e130, 0x(nil)) -> 43264    4    1 1,   173056, 0x0x55b7236d00(0x0x55b7236d00, 0x(nil))) k(0 0    0,        0) pad(0 0) pool(0 0, 1 1)] P[  4] C[  6]
  6 NN [(  52   52   64 1,   173056, 0x0x55b7236d00(0x0x55b7236d00, 0x(nil)) ->   26   26  128 1,    86528, 0x0x55b726e8b0(0x0x55b726e8b0, 0x(nil))) k(3 3   64,    88064) pad(1 1) pool(2 2, 2 2)] P[  5] C[  7]
  7 SH [(43264    2    1 1,    86528, 0x0x55b726e8b0(0x0x55b726e8b0, 0x(nil)) -> 43264    2    1 1,    86528, 0x0x55b723df80(0x0x55b723df80, 0x(nil))) k(0 0    0,        0) pad(0 0) pool(0 0, 1 1)] P[  6] C[  8]
  8 NN [(  26   26  128 1,    86528, 0x0x55b723df80(0x0x55b723df80, 0x(nil)) ->   26   26  256 1,   173056, 0x0x55b7240a60(0x0x55b7240a60, 0x(nil))) k(3 3  128,   310784) pad(1 1) pool(0 0, 1 1)] P[  7] C[  9]
  9 SH [(43264    4    1 1,   173056, 0x0x55b7240a60(0x0x55b7240a60, 0x(nil)) -> 43264    4    1 1,   173056, 0x0x55be6fc350(0x0x55b7223350, 0x0x15200)) k(0 0    0,        0) pad(0 0) pool(0 0, 1 1)] P[  8] C[ 10, 30]
 10 TP [(  26   26  256 1,   259584, 0x0x55be6fc350(0x0x55b7223350, 0x0x15200) ->   13   13  256 1,    43264, 0x0x55b7244a60(0x0x55b7244a60, 0x(nil))) k(0 0    0,        0) pad(0 0) pool(2 2, 2 2)] P[  9] C[ 11]
 11 SH [(  13   13  256 1,    43264, 0x0x55b7244a60(0x0x55b7244a60, 0x(nil)) -> 2304  169    1 1,   389376, 0x0x55b73adf30(0x0x55b73adf30, 0x(nil))) k(0 0    0,        0) pad(0 0) pool(0 0, 1 1)] P[ 10] C[ 12]
 12 SH [(2304  169    1 1,   389376, 0x0x55b73adf30(0x0x55b73adf30, 0x(nil)) ->   13   13  512 1,    86528, 0x0x55b7247540(0x0x55b7247540, 0x(nil))) k(0 0    0,        0) pad(0 0) pool(0 0, 1 1)] P[ 11] C[ 13]
 13 TP [(  13   13  512 1,    86528, 0x0x55b7247540(0x0x55b7247540, 0x(nil)) ->   13   13  512 1,    86528, 0x0x55b726f030(0x0x55b726f030, 0x(nil))) k(0 0    0,        0) pad(0 0) pool(2 2, 1 1)] P[ 12] C[ 14]
 14 SH [(43264    2    1 1,    86528, 0x0x55b726f030(0x0x55b726f030, 0x(nil)) -> 43264    2    1 1,    86528, 0x0x55b724bce0(0x0x55b724bce0, 0x(nil))) k(0 0    0,        0) pad(0 0) pool(0 0, 1 1)] P[ 13] C[ 15]
 15 SH [(  13   13  512 1,    86528, 0x0x55b724bce0(0x0x55b724bce0, 0x(nil)) -> 4608  169    1 1,   778752, 0x0x55b8017ed0(0x0x55b8017ed0, 0x(nil))) k(0 0    0,        0) pad(0 0) pool(0 0, 1 1)] P[ 14] C[ 16]
 16 SH [(4608  169    1 1,   778752, 0x0x55b8017ed0(0x0x55b8017ed0, 0x(nil)) ->   13   13 1024 1,   173056, 0x0x55b724e7c0(0x0x55b724e7c0, 0x(nil))) k(0 0    0,        0) pad(0 0) pool(0 0, 1 1)] P[ 15] C[ 17]
 17 SH [(43264    4    1 1,   173056, 0x0x55b724e7c0(0x0x55b724e7c0, 0x(nil)) -> 43264    4    1 1,   173056, 0x0x55b7251f00(0x0x55b7251f00, 0x(nil))) k(0 0    0,        0) pad(0 0) pool(0 0, 1 1)] P[ 16] C[ 18]
 18 SH [(  13   13 1024 1,   173056, 0x0x55b7251f00(0x0x55b7251f00, 0x(nil)) -> 1024  169    1 1,   173056, 0x0x55b808db80(0x0x55b808db80, 0x(nil))) k(0 0    0,        0) pad(0 0) pool(0 0, 1 1)] P[ 17] C[ 19]
 19 SH [(1024  169    1 1,   173056, 0x0x55b808db80(0x0x55b808db80, 0x(nil)) ->   13   13  256 1,    43264, 0x0x55b7252f60(0x0x55b7252f60, 0x(nil))) k(0 0    0,        0) pad(0 0) pool(0 0, 1 1)] P[ 18] C[ 20]
 20 SH [(43264    1    1 1,    43264, 0x0x55b7252f60(0x0x55b7252f60, 0x(nil)) -> 43264    1    1 1,    43264, 0x0x55b72566a0(0x0x55b72566a0, 0x(nil))) k(0 0    0,        0) pad(0 0) pool(0 0, 1 1)] P[ 19] C[ 21, 26]
 21 SH [(  13   13  256 1,    43264, 0x0x55b72566a0(0x0x55b72566a0, 0x(nil)) -> 2304  169    1 1,   389376, 0x0x55b8103aa0(0x0x55b8103aa0, 0x(nil))) k(0 0    0,        0) pad(0 0) pool(0 0, 1 1)] P[ 20] C[ 22]
 22 SH [(2304  169    1 1,   389376, 0x0x55b8103aa0(0x0x55b8103aa0, 0x(nil)) ->   13   13  512 1,    86528, 0x0x55b7257700(0x0x55b7257700, 0x(nil))) k(0 0    0,        0) pad(0 0) pool(0 0, 1 1)] P[ 21] C[ 23]
 23 SH [(43264    2    1 1,    86528, 0x0x55b7257700(0x0x55b7257700, 0x(nil)) -> 43264    2    1 1,    86528, 0x0x55b725e580(0x0x55b725e580, 0x(nil))) k(0 0    0,        0) pad(0 0) pool(0 0, 1 1)] P[ 22] C[ 24]
 24 SH [(  13   13  512 1,    86528, 0x0x55b725e580(0x0x55b725e580, 0x(nil)) ->  512  169    1 1,    86528, 0x0x55b819a3a0(0x0x55b819a3a0, 0x(nil))) k(0 0    0,        0) pad(0 0) pool(0 0, 1 1)] P[ 23] C[ 25]
 25 SH [( 512  169    1 1,    86528, 0x0x55b819a3a0(0x0x55b819a3a0, 0x(nil)) ->   13   13  255 1,    43095, 0x0x55b720ea70(0x0x55b720ea70, 0x(nil))) k(0 0    0,        0) pad(0 0) pool(0 0, 1 1)] P[ 24]
 26 SH [(  13   13  256 1,    43264, 0x0x55b72566a0(0x0x55b72566a0, 0x(nil)) ->  256  169    1 1,    43264, 0x0x55b815abd0(0x0x55b815abd0, 0x(nil))) k(0 0    0,        0) pad(0 0) pool(0 0, 1 1)] P[ 20] C[ 27]
 27 SH [( 256  169    1 1,    43264, 0x0x55b815abd0(0x0x55b815abd0, 0x(nil)) ->   13   13  128 1,    21632, 0x0x55b725ae40(0x0x55b725ae40, 0x(nil))) k(0 0    0,        0) pad(0 0) pool(0 0, 1 1)] P[ 26] C[ 28]
 28 SH [(21632    1    1 1,    21632, 0x0x55b725ae40(0x0x55b725ae40, 0x(nil)) -> 21632    1    1 1,    21632, 0x0x55b725f5e0(0x0x55b725f5e0, 0x(nil))) k(0 0    0,        0) pad(0 0) pool(0 0, 1 1)] P[ 27] C[ 29]
 29 SH [(  13   13  128 1,    21632, 0x0x55b725f5e0(0x0x55b725f5e0, 0x(nil)) ->   26   26  128 1,   259584, 0x0x55b7223350(0x0x55b7223350, 0x(nil))) k(0 0    0,        0) pad(0 0) pool(0 0, 1 1)] P[ 28] C[ 30]
 30 SH [(  26   26  384 1,   259584, 0x0x55b7223350(0x0x55b7223350, 0x(nil)) -> 3456  676    1 1,  2336256, 0x0x55b8724940(0x0x55b8724940, 0x(nil))) k(0 0    0,        0) pad(0 0) pool(0 0, 1 1)] P[  9, 29] C[ 31]
 31 SH [(3456  676    1 1,  2336256, 0x0x55b8724940(0x0x55b8724940, 0x(nil)) ->   26   26  256 1,   173056, 0x0x55b7263ea0(0x0x55b7263ea0, 0x(nil))) k(0 0    0,        0) pad(0 0) pool(0 0, 1 1)] P[ 30] C[ 32]
 32 SH [(43264    4    1 1,   173056, 0x0x55b7263ea0(0x0x55b7263ea0, 0x(nil)) -> 43264    4    1 1,   173056, 0x0x55b72675e0(0x0x55b72675e0, 0x(nil))) k(0 0    0,        0) pad(0 0) pool(0 0, 1 1)] P[ 31] C[ 33]
 33 SH [(  26   26  256 1,   173056, 0x0x55b72675e0(0x0x55b72675e0, 0x(nil)) ->  256  676    1 1,   173056, 0x0x55b87871c0(0x0x55b87871c0, 0x(nil))) k(0 0    0,        0) pad(0 0) pool(0 0, 1 1)] P[ 32] C[ 34]
 34 SH [( 256  676    1 1,   173056, 0x0x55b87871c0(0x0x55b87871c0, 0x(nil)) ->   26   26  255 1,   172380, 0x0x55b720f290(0x0x55b720f290, 0x(nil))) k(0 0    0,        0) pad(0 0) pool(0 0, 1 1)] P[ 33]
 35 NN [(  32    2    1 1,       64, 0x0x55b7293a30(0x0x55b7293a30, 0x(nil)) ->   32    2    1 1,       64, 0x0x55b7294450(0x0x55b7294450, 0x(nil))) k(2 2    1,      128) pad(0 0) pool(0 0, 1 1)]

 id IN [ x  y  w   h ]   OUT  [ x  y  w  h ] (tx, ty, kpc) (ic, kc, kc/ks, ks/eks, kernel_type) NNT(in, out)

 id | opid IN [ x  y  w   h ]   OUT  [ x  y  w  h ] (tx, ty, kpc) (ic, kc, kc/ks, ks/eks, kernel_type) NNT(in, out)
  0 |   0 NN DD 0x00000000 [   0    0      416      416] -> DD 0x00000000 [   0    0      208      208] ( 62,  10,   2) (    2304,      512, 100.000000%, 80.000001%, DD) (       0,        0)
  1 |   1 TP DD 0x00000000 [   0    0      208      208] -> DD 0x00000000 [   0    0      208      208] (  0,   0,   0) (       0,        0, 0.000000%, 0.000000%, NONE) (       0,        0)
  2 |   2 NN DD 0x00000000 [   0    0      208      208] -> DD 0x00000000 [   0    0      104      104] ( 62,   4,   4) (    6144,     3584, 100.000000%, 68.292683%, DD) (       0,        0)
  3 |   3 TP DD 0x00000000 [   0    0      104      104] -> DD 0x00000000 [   0    0      104      104] (  0,   0,   0) (       0,        0, 0.000000%, 0.000000%, NONE) (       0,        0)
  4 |   4 NN DD 0x00000000 [   0    0      104      104] -> DD 0x00000000 [   0    0       52       52] ( 56,   8,   8) (   18944,     5120, 100.000000%, 22.727273%, DD) (       0,        0)
  5 |   5 SH DD 0x00000000 [   0    0        0        0] -> DD 0x00000000 [   0    0        0        0] (  0,   0,   0) (       0,        0, 0.000000%, 0.000000%, NONE) (       0,        0)
  6 |   6 NN DD 0x00000000 [   0    0       52       52] -> DD 0x00000000 [   0    0       26       26] ( 52,  10,   6) (   41984,    26624, 100.000000%, 30.320701%, DD) (       0,        0)
  7 |   7 SH DD 0x00000000 [   0    0        0        0] -> DD 0x00000000 [   0    0        0        0] (  0,   0,   0) (       0,        0, 0.000000%, 0.000000%, NONE) (       0,        0)
  8 |   8 NN DD 0x00000000 [   0    0       26       26] -> DD 0x00000000 [   0    0       26       26] ( 26,  20,   6) (   79872,   297472, 100.000000%, 95.716637%, DD) (       0,        0)
  9 |   9 SH DD 0x00000000 [   0    0        0        0] -> DD 0x00000000 [   0    0        0        0] (  0,   0,   0) (       0,        0, 0.000000%, 0.000000%, NONE) (       0,        0)
 10 |  10 TP DD 0x00000000 [   0    0       26       26] -> DD 0x00000000 [   0    0       13       13] (  0,   0,   0) (       0,        0, 0.000000%, 0.000000%, NONE) (       0,        0)
 11 |  11 SH DD 0x00000000 [   0    0        0        0] -> DD 0x00000000 [   0    0        0        0] (  0,   0,   0) (       0,        0, 0.000000%, 0.000000%, NONE) (       0,        0)
 12 |  12 SH DD 0x00000000 [   0    0        0        0] -> DD 0x00000000 [   0    0        0        0] (  0,   0,   0) (       0,        0, 0.000000%, 0.000000%, NONE) (       0,        0)
 13 |  13 TP DD 0x00000000 [   0    0       13       13] -> DD 0x00000000 [   0    0       13       13] (  0,   0,   0) (       0,        0, 0.000000%, 0.000000%, NONE) (       0,        0)
 14 |  14 SH DD 0x00000000 [   0    0        0        0] -> DD 0x00000000 [   0    0        0        0] (  0,   0,   0) (       0,        0, 0.000000%, 0.000000%, NONE) (       0,        0)
 15 |  15 SH DD 0x00000000 [   0    0        0        0] -> DD 0x00000000 [   0    0        0        0] (  0,   0,   0) (       0,        0, 0.000000%, 0.000000%, NONE) (       0,        0)
 16 |  16 SH DD 0x00000000 [   0    0        0        0] -> DD 0x00000000 [   0    0        0        0] (  0,   0,   0) (       0,        0, 0.000000%, 0.000000%, NONE) (       0,        0)
 17 |  17 SH DD 0x00000000 [   0    0        0        0] -> DD 0x00000000 [   0    0        0        0] (  0,   0,   0) (       0,        0, 0.000000%, 0.000000%, NONE) (       0,        0)
 18 |  18 SH DD 0x00000000 [   0    0        0        0] -> DD 0x00000000 [   0    0        0        0] (  0,   0,   0) (       0,        0, 0.000000%, 0.000000%, NONE) (       0,        0)
 19 |  19 SH DD 0x00000000 [   0    0        0        0] -> DD 0x00000000 [   0    0        0        0] (  0,   0,   0) (       0,        0, 0.000000%, 0.000000%, NONE) (       0,        0)
 20 |  20 SH DD 0x00000000 [   0    0        0        0] -> DD 0x00000000 [   0    0        0        0] (  0,   0,   0) (       0,        0, 0.000000%, 0.000000%, NONE) (       0,        0)
 21 |  21 SH DD 0x00000000 [   0    0        0        0] -> DD 0x00000000 [   0    0        0        0] (  0,   0,   0) (       0,        0, 0.000000%, 0.000000%, NONE) (       0,        0)
 22 |  22 SH DD 0x00000000 [   0    0        0        0] -> DD 0x00000000 [   0    0        0        0] (  0,   0,   0) (       0,        0, 0.000000%, 0.000000%, NONE) (       0,        0)
 23 |  23 SH DD 0x00000000 [   0    0        0        0] -> DD 0x00000000 [   0    0        0        0] (  0,   0,   0) (       0,        0, 0.000000%, 0.000000%, NONE) (       0,        0)
 24 |  24 SH DD 0x00000000 [   0    0        0        0] -> DD 0x00000000 [   0    0        0        0] (  0,   0,   0) (       0,        0, 0.000000%, 0.000000%, NONE) (       0,        0)
 25 |  25 SH DD 0x00000000 [   0    0        0        0] -> DD 0x00000000 [   0    0        0        0] (  0,   0,   0) (       0,        0, 0.000000%, 0.000000%, NONE) (       0,        0)
 26 |  26 SH DD 0x00000000 [   0    0        0        0] -> DD 0x00000000 [   0    0        0        0] (  0,   0,   0) (       0,        0, 0.000000%, 0.000000%, NONE) (       0,        0)
 27 |  27 SH DD 0x00000000 [   0    0        0        0] -> DD 0x00000000 [   0    0        0        0] (  0,   0,   0) (       0,        0, 0.000000%, 0.000000%, NONE) (       0,        0)
 28 |  28 SH DD 0x00000000 [   0    0        0        0] -> DD 0x00000000 [   0    0        0        0] (  0,   0,   0) (       0,        0, 0.000000%, 0.000000%, NONE) (       0,        0)
 29 |  29 SH DD 0x00000000 [   0    0        0        0] -> DD 0x00000000 [   0    0        0        0] (  0,   0,   0) (       0,        0, 0.000000%, 0.000000%, NONE) (       0,        0)
 30 |  30 SH DD 0x00000000 [   0    0        0        0] -> DD 0x00000000 [   0    0        0        0] (  0,   0,   0) (       0,        0, 0.000000%, 0.000000%, NONE) (       0,        0)
 31 |  31 SH DD 0x00000000 [   0    0        0        0] -> DD 0x00000000 [   0    0        0        0] (  0,   0,   0) (       0,        0, 0.000000%, 0.000000%, NONE) (       0,        0)
 32 |  32 SH DD 0x00000000 [   0    0        0        0] -> DD 0x00000000 [   0    0        0        0] (  0,   0,   0) (       0,        0, 0.000000%, 0.000000%, NONE) (       0,        0)
 33 |  33 SH DD 0x00000000 [   0    0        0        0] -> DD 0x00000000 [   0    0        0        0] (  0,   0,   0) (       0,        0, 0.000000%, 0.000000%, NONE) (       0,        0)
 34 |  34 SH DD 0x00000000 [   0    0        0        0] -> DD 0x00000000 [   0    0        0        0] (  0,   0,   0) (       0,        0, 0.000000%, 0.000000%, NONE) (       0,        0)
 35 |  35 NN DD 0x00000000 [   0    0       32        2] -> DD 0x00000000 [   0    0       32        2] ( 32,   2,   1) (     128,      512, 100.000000%, 400.000000%, DD) (       0,        0)

PreLoadWeightBiases = 1048320  100.000000%
---------------------------End VerifyTiling -------------------------
Verify Graph: 2957ms or 2957435us
Start run graph [1] times...
***********dump layer : 0***************
layer_id: 22 layer name:ConvolutionReluPoolingLayer2 operation[0]:VXNNE_OPERATOR_CONVOLUTION target:VXNNE_OPERATION_TARGET_NN.
uid: 3
abs_op_id: 0
execution time:           3180851 us
***********dump layer : 1***************
layer_id: 0 layer name:LeakyReluLayer operation[0]:VXNNE_OPERATOR_ACTIVATION target:VXNNE_OPERATION_TARGET_TP.
uid: 3
abs_op_id: 1
execution time:           3190264 us
***********dump layer : 2***************
layer_id: 23 layer name:ConvolutionReluPoolingLayer2 operation[0]:VXNNE_OPERATOR_CONVOLUTION target:VXNNE_OPERATION_TARGET_NN.
uid: 7
abs_op_id: 2
execution time:            782347 us
***********dump layer : 3***************
layer_id: 1 layer name:LeakyReluLayer operation[0]:VXNNE_OPERATOR_ACTIVATION target:VXNNE_OPERATION_TARGET_TP.
uid: 7
abs_op_id: 3
execution time:           2915559 us
***********dump layer : 4***************
layer_id: 24 layer name:ConvolutionReluPoolingLayer2 operation[0]:VXNNE_OPERATOR_CONVOLUTION target:VXNNE_OPERATION_TARGET_NN.
uid: 11
abs_op_id: 4
execution time:            232369 us
***********dump layer : 5***************
layer_id: 2 layer name:LeakyReluLayer operation[0]:VXNNE_OPERATOR_ACTIVATION target:VXNNE_OPERATION_TARGET_SH.
uid: 11
abs_op_id: 5
shader kernel name: vxLeakyRelu_I8toI8_opt
execution time:            226281 us
***********dump layer : 6***************
layer_id: 25 layer name:ConvolutionReluPoolingLayer2 operation[0]:VXNNE_OPERATOR_CONVOLUTION target:VXNNE_OPERATION_TARGET_NN.
uid: 15
abs_op_id: 6
execution time:            130350 us
***********dump layer : 7***************
layer_id: 3 layer name:LeakyReluLayer operation[0]:VXNNE_OPERATOR_ACTIVATION target:VXNNE_OPERATION_TARGET_SH.
uid: 15
abs_op_id: 7
shader kernel name: vxLeakyRelu_I8toI8_opt1
execution time:            119123 us
***********dump layer : 8***************
layer_id: 26 layer name:ConvolutionReluPoolingLayer2 operation[0]:VXNNE_OPERATOR_CONVOLUTION target:VXNNE_OPERATION_TARGET_NN.
uid: 17
abs_op_id: 8
execution time:           1784714 us
***********dump layer : 9***************
layer_id: 4 layer name:LeakyReluLayer operation[0]:VXNNE_OPERATOR_ACTIVATION target:VXNNE_OPERATION_TARGET_SH.
uid: 19
abs_op_id: 9
shader kernel name: vxLeakyRelu_I8toI8_opt
execution time:            365260 us
***********dump layer :10***************
layer_id: 5 layer name:PoolingLayer2 operation[0]:VXNNE_OPERATOR_POOLING target:VXNNE_OPERATION_TARGET_TP.
uid: 20
abs_op_id: 10
execution time:            744848 us
***********dump layer :11***************
layer_id: 6 layer name:ConvolutionLayer operation[0]:VXNNE_OPERATOR_CONVOLUTION target:VXNNE_OPERATION_TARGET_SH.
uid: -1
abs_op_id: 11
shader kernel name: tensor2row_Integer8_3
execution time:           4617732 us
***********dump layer :12***************
layer_id: 6 layer name:ConvolutionLayer operation[1]:VXNNE_OPERATOR_CONVOLUTION target:VXNNE_OPERATION_TARGET_SH.
uid: 23
abs_op_id: 12
shader kernel name: gemm_dfp_I8toI8
execution time:            308695 us
***********dump layer :13***************
layer_id: 8 layer name:PoolingLayer2 operation[0]:VXNNE_OPERATOR_POOLING target:VXNNE_OPERATION_TARGET_TP.
uid: 23
abs_op_id: 13
execution time:            246246 us
***********dump layer :14***************
layer_id: 7 layer name:LeakyReluLayer operation[0]:VXNNE_OPERATOR_ACTIVATION target:VXNNE_OPERATION_TARGET_SH.
uid: 23
abs_op_id: 14
shader kernel name: vxLeakyRelu_I8toI8_opt1
execution time:            240815 us
***********dump layer :15***************
layer_id: 9 layer name:ConvolutionLayer operation[0]:VXNNE_OPERATOR_CONVOLUTION target:VXNNE_OPERATION_TARGET_SH.
uid: -1
abs_op_id: 15
shader kernel name: tensor2row_Integer8_3
execution time:           1768662 us
***********dump layer :16***************
layer_id: 9 layer name:ConvolutionLayer operation[1]:VXNNE_OPERATOR_CONVOLUTION target:VXNNE_OPERATION_TARGET_SH.
uid: 25
abs_op_id: 16
shader kernel name: gemm_dfp_I8toI8
execution time:            924499 us
***********dump layer :17***************
layer_id: 10 layer name:LeakyReluLayer operation[0]:VXNNE_OPERATOR_ACTIVATION target:VXNNE_OPERATION_TARGET_SH.
uid: 27
abs_op_id: 17
shader kernel name: vxLeakyRelu_I8toI8_opt1
execution time:            506352 us
***********dump layer :18***************
layer_id: 11 layer name:ConvolutionLayer operation[0]:VXNNE_OPERATOR_CONVOLUTION target:VXNNE_OPERATION_TARGET_SH.
uid: -1
abs_op_id: 18
shader kernel name: tensor2row_8Bits_K1S1
execution time:           4807014 us
***********dump layer :19***************
layer_id: 11 layer name:ConvolutionLayer operation[1]:VXNNE_OPERATOR_CONVOLUTION target:VXNNE_OPERATION_TARGET_SH.
uid: 28
abs_op_id: 19
shader kernel name: gemm_dfp_I8toI8
execution time:            146263 us
***********dump layer :20***************
layer_id: 12 layer name:LeakyReluLayer operation[0]:VXNNE_OPERATOR_ACTIVATION target:VXNNE_OPERATION_TARGET_SH.
uid: 30
abs_op_id: 20
shader kernel name: vxLeakyRelu_I8toI8_opt
execution time:            133059 us
***********dump layer :21***************
layer_id: 13 layer name:ConvolutionLayer operation[0]:VXNNE_OPERATOR_CONVOLUTION target:VXNNE_OPERATION_TARGET_SH.
uid: -1
abs_op_id: 21
shader kernel name: tensor2row_Integer8_3
execution time:            556068 us
***********dump layer :22***************
layer_id: 13 layer name:ConvolutionLayer operation[1]:VXNNE_OPERATOR_CONVOLUTION target:VXNNE_OPERATION_TARGET_SH.
uid: 31
abs_op_id: 22
shader kernel name: gemm_dfp_I8toI8
execution time:            340668 us
***********dump layer :23***************
layer_id: 15 layer name:LeakyReluLayer operation[0]:VXNNE_OPERATOR_ACTIVATION target:VXNNE_OPERATION_TARGET_SH.
uid: 33
abs_op_id: 23
shader kernel name: vxLeakyRelu_I8toI8_opt
execution time:           4298156 us
***********dump layer :24***************
layer_id: 17 layer name:ConvolutionLayer operation[0]:VXNNE_OPERATOR_CONVOLUTION target:VXNNE_OPERATION_TARGET_SH.
uid: -1
abs_op_id: 24
shader kernel name: tensor2row_8Bits_K1S1
execution time:            139639 us
***********dump layer :25***************
layer_id: 17 layer name:ConvolutionLayer operation[1]:VXNNE_OPERATOR_CONVOLUTION target:VXNNE_OPERATION_TARGET_SH.
uid: 34
abs_op_id: 25
shader kernel name: gemm_dfp_I8toI8
execution time:           2183570 us
***********dump layer :26***************
layer_id: 14 layer name:ConvolutionLayer operation[0]:VXNNE_OPERATOR_CONVOLUTION target:VXNNE_OPERATION_TARGET_SH.
uid: -1
abs_op_id: 26
shader kernel name: tensor2row_8Bits_K1S1
execution time:             66924 us
***********dump layer :27***************
layer_id: 14 layer name:ConvolutionLayer operation[1]:VXNNE_OPERATOR_CONVOLUTION target:VXNNE_OPERATION_TARGET_SH.
uid: 37
abs_op_id: 27
shader kernel name: gemm_dfp_I8toI8
execution time:           1057929 us
***********dump layer :28***************
layer_id: 16 layer name:LeakyReluLayer operation[0]:VXNNE_OPERATOR_ACTIVATION target:VXNNE_OPERATION_TARGET_SH.
uid: 39
abs_op_id: 28
shader kernel name: vxLeakyRelu_I8toI8_opt
execution time:             67048 us
***********dump layer :29***************
layer_id: 18 layer name:TensorScale operation[0]:unkown operation type target:VXNNE_OPERATION_TARGET_SH.
uid: 40
abs_op_id: 29
shader kernel name: resize_nearest_8bits_2x_upsample
execution time:            360315 us
***********dump layer :30***************
layer_id: 19 layer name:ConvolutionLayer operation[0]:VXNNE_OPERATOR_CONVOLUTION target:VXNNE_OPERATION_TARGET_SH.
uid: -1
abs_op_id: 30
shader kernel name: tensor2row_Integer8_3_S1
execution time:           9176143 us
***********dump layer :31***************
layer_id: 19 layer name:ConvolutionLayer operation[1]:VXNNE_OPERATOR_CONVOLUTION target:VXNNE_OPERATION_TARGET_SH.
uid: 42
abs_op_id: 31
shader kernel name: gemm_dfp_I8toI8
execution time:           1768603 us
***********dump layer :32***************
layer_id: 20 layer name:LeakyReluLayer operation[0]:VXNNE_OPERATOR_ACTIVATION target:VXNNE_OPERATION_TARGET_SH.
uid: 44
abs_op_id: 32
shader kernel name: vxLeakyRelu_I8toI8_opt1
execution time:           9826533 us
***********dump layer :33***************
layer_id: 21 layer name:ConvolutionLayer operation[0]:VXNNE_OPERATOR_CONVOLUTION target:VXNNE_OPERATION_TARGET_SH.
uid: -1
abs_op_id: 33
shader kernel name: tensor2row_8Bits_K1S1
execution time:            293821 us
***********dump layer :34***************
layer_id: 21 layer name:ConvolutionLayer operation[1]:VXNNE_OPERATOR_CONVOLUTION target:VXNNE_OPERATION_TARGET_SH.
uid: 45
abs_op_id: 34
shader kernel name: gemm_dfp_I8toI8
execution time:            549127 us
Run the 1 time: 58057.00ms or 58057476.00us
vxProcessGraph execution time:
Total   58057.00ms or 58057512.00us
Average 58057.51ms or 58057512.00us
 --- Top5 ---
 12: 71494644084506624.000000
168: 71494644084506624.000000
182: 71494644084506624.000000
183: 71494644084506624.000000
184: 71494644084506624.000000