==============================================================================
profiling yolov3-tiny using export.data with VIV_VX_PROFILE=1 VIV_VX_DEBUG_LEVEL=1
==============================================================================
khadas@Khadas:~/hussain/op_test_yolov3_minimal_using_export.data1/bin_r_cv4$ export VIV_VX_PROFILE=1
khadas@Khadas:~/hussain/op_test_yolov3_minimal_using_export.data1/bin_r_cv4$ export VIV_VX_DEBUG_LEVEL=1
khadas@Khadas:~/hussain/op_test_yolov3_minimal_using_export.data1/bin_r_cv4$ ./yolov3 ../yolov3_88.nb ~/hussain/img/416/person_416.jpg
#productname=VIPNano-QI, pid=0x88
Create Neural Network: 165ms or 165814us
Verify...
Node 0x556c6c9bf0("yolov3_88"): No.3 parameter is required but not suppliedE [vnn_VerifyGraph:85]CHECK STATUS(-4:The given graph has failed verification due to an insufficient number of required parameters, which cannot be automatically created. Typically this indicates required atomic parameters.)
E [main:237]CHECK STATUS(-4:The given graph has failed verification due to an insufficient number of required parameters, which cannot be automatically created. Typically this indicates required atomic parameters.)
khadas@Khadas:~/hussain/op_test_yolov3_minimal_using_export.data1/bin_r_cv4$ ./yolov3 ../yolov3.export.data ~/hussain/img/416/person_416.jpg
#productname=VIPNano-QI, pid=0x88
Create Neural Network: 440ms or 440233us
Verify...
---------------------------Begin VerifyTiling -------------------------
AXI-SRAM = 1048320 Bytes VIP-SRAM = 522240 Bytes SWTILING_PHASE_FEATURES[1, 1, 0]
  0 NN [( 416  416    3 1,   519168, 0x0x557cc65f60(0x0x557cc65f60, 0x(nil)) ->  208  208   16 1,   692224, 0x0x557ccc57f0(0x0x557ccc57f0, 0x(nil))) k(3 3    3,      640) pad(1 1) pool(2 2, 2 2)] C[  1]
  1 TP [( 208  208   16 1,   692224, 0x0x557ccc57f0(0x0x557ccc57f0, 0x(nil)) ->  208  208   16 1,   692224, 0x0x557cc809f0(0x0x557cc809f0, 0x(nil))) k(0 0    0,        0) pad(0 0) pool(0 0, 1 1)] P[  0] C[  2]
  2 NN [( 208  208   16 1,   692224, 0x0x557cc809f0(0x0x557cc809f0, 0x(nil)) ->  104  104   32 1,   346112, 0x0x557ccc5d80(0x0x557ccc5d80, 0x(nil))) k(3 3   16,     5248) pad(1 1) pool(2 2, 2 2)] P[  1] C[  3]
  3 TP [( 104  104   32 1,   346112, 0x0x557ccc5d80(0x0x557ccc5d80, 0x(nil)) ->  104  104   32 1,   346112, 0x0x557cc87c70(0x0x557cc87c70, 0x(nil))) k(0 0    0,        0) pad(0 0) pool(0 0, 1 1)] P[  2] C[  4]
  4 NN [( 104  104   32 1,   346112, 0x0x557cc87c70(0x0x557cc87c70, 0x(nil)) ->   52   52   64 1,   173056, 0x0x557ccc6310(0x0x557ccc6310, 0x(nil))) k(3 3   32,    22528) pad(1 1) pool(2 2, 2 2)] P[  3] C[  5]
  5 SH [(43264    4    1 1,   173056, 0x0x557ccc6310(0x0x557ccc6310, 0x(nil)) -> 43264    4    1 1,   173056, 0x0x557cc8eef0(0x0x557cc8eef0, 0x(nil))) k(0 0    0,        0) pad(0 0) pool(0 0, 1 1)] P[  4] C[  6]
  6 NN [(  52   52   64 1,   173056, 0x0x557cc8eef0(0x0x557cc8eef0, 0x(nil)) ->   26   26  128 1,    86528, 0x0x557ccc6a90(0x0x557ccc6a90, 0x(nil))) k(3 3   64,    88064) pad(1 1) pool(2 2, 2 2)] P[  5] C[  7]
  7 SH [(43264    2    1 1,    86528, 0x0x557ccc6a90(0x0x557ccc6a90, 0x(nil)) -> 43264    2    1 1,    86528, 0x0x557cc96170(0x0x557cc96170, 0x(nil))) k(0 0    0,        0) pad(0 0) pool(0 0, 1 1)] P[  6] C[  8]
  8 NN [(  26   26  128 1,    86528, 0x0x557cc96170(0x0x557cc96170, 0x(nil)) ->   26   26  256 1,   173056, 0x0x557cc98c50(0x0x557cc98c50, 0x(nil))) k(3 3  128,   310784) pad(1 1) pool(0 0, 1 1)] P[  7] C[  9]
  9 SH [(43264    4    1 1,   173056, 0x0x557cc98c50(0x0x557cc98c50, 0x(nil)) -> 43264    4    1 1,   173056, 0x0x5584154540(0x0x557cc7b540, 0x0x15200)) k(0 0    0,        0) pad(0 0) pool(0 0, 1 1)] P[  8] C[ 10, 30]
 10 TP [(  26   26  256 1,   259584, 0x0x5584154540(0x0x557cc7b540, 0x0x15200) ->   13   13  256 1,    43264, 0x0x557cc9cc50(0x0x557cc9cc50, 0x(nil))) k(0 0    0,        0) pad(0 0) pool(2 2, 2 2)] P[  9] C[ 11]
 11 SH [(  13   13  256 1,    43264, 0x0x557cc9cc50(0x0x557cc9cc50, 0x(nil)) -> 2304  169    1 1,   389376, 0x0x557ce06120(0x0x557ce06120, 0x(nil))) k(0 0    0,        0) pad(0 0) pool(0 0, 1 1)] P[ 10] C[ 12]
 12 SH [(2304  169    1 1,   389376, 0x0x557ce06120(0x0x557ce06120, 0x(nil)) ->   13   13  512 1,    86528, 0x0x557cc9f730(0x0x557cc9f730, 0x(nil))) k(0 0    0,        0) pad(0 0) pool(0 0, 1 1)] P[ 11] C[ 13]
 13 TP [(  13   13  512 1,    86528, 0x0x557cc9f730(0x0x557cc9f730, 0x(nil)) ->   13   13  512 1,    86528, 0x0x557ccc7210(0x0x557ccc7210, 0x(nil))) k(0 0    0,        0) pad(0 0) pool(2 2, 1 1)] P[ 12] C[ 14]
 14 SH [(43264    2    1 1,    86528, 0x0x557ccc7210(0x0x557ccc7210, 0x(nil)) -> 43264    2    1 1,    86528, 0x0x557cca3ed0(0x0x557cca3ed0, 0x(nil))) k(0 0    0,        0) pad(0 0) pool(0 0, 1 1)] P[ 13] C[ 15]
 15 SH [(  13   13  512 1,    86528, 0x0x557cca3ed0(0x0x557cca3ed0, 0x(nil)) -> 4608  169    1 1,   778752, 0x0x557da70150(0x0x557da70150, 0x(nil))) k(0 0    0,        0) pad(0 0) pool(0 0, 1 1)] P[ 14] C[ 16]
 16 SH [(4608  169    1 1,   778752, 0x0x557da70150(0x0x557da70150, 0x(nil)) ->   13   13 1024 1,   173056, 0x0x557cca69b0(0x0x557cca69b0, 0x(nil))) k(0 0    0,        0) pad(0 0) pool(0 0, 1 1)] P[ 15] C[ 17]
 17 SH [(43264    4    1 1,   173056, 0x0x557cca69b0(0x0x557cca69b0, 0x(nil)) -> 43264    4    1 1,   173056, 0x0x557ccaa0f0(0x0x557ccaa0f0, 0x(nil))) k(0 0    0,        0) pad(0 0) pool(0 0, 1 1)] P[ 16] C[ 18]
 18 SH [(  13   13 1024 1,   173056, 0x0x557ccaa0f0(0x0x557ccaa0f0, 0x(nil)) -> 1024  169    1 1,   173056, 0x0x557dae5e00(0x0x557dae5e00, 0x(nil))) k(0 0    0,        0) pad(0 0) pool(0 0, 1 1)] P[ 17] C[ 19]
 19 SH [(1024  169    1 1,   173056, 0x0x557dae5e00(0x0x557dae5e00, 0x(nil)) ->   13   13  256 1,    43264, 0x0x557ccab150(0x0x557ccab150, 0x(nil))) k(0 0    0,        0) pad(0 0) pool(0 0, 1 1)] P[ 18] C[ 20]
 20 SH [(43264    1    1 1,    43264, 0x0x557ccab150(0x0x557ccab150, 0x(nil)) -> 43264    1    1 1,    43264, 0x0x557ccae890(0x0x557ccae890, 0x(nil))) k(0 0    0,        0) pad(0 0) pool(0 0, 1 1)] P[ 19] C[ 21, 26]
 21 SH [(  13   13  256 1,    43264, 0x0x557ccae890(0x0x557ccae890, 0x(nil)) -> 2304  169    1 1,   389376, 0x0x557db5bd20(0x0x557db5bd20, 0x(nil))) k(0 0    0,        0) pad(0 0) pool(0 0, 1 1)] P[ 20] C[ 22]
 22 SH [(2304  169    1 1,   389376, 0x0x557db5bd20(0x0x557db5bd20, 0x(nil)) ->   13   13  512 1,    86528, 0x0x557ccaf8f0(0x0x557ccaf8f0, 0x(nil))) k(0 0    0,        0) pad(0 0) pool(0 0, 1 1)] P[ 21] C[ 23]
 23 SH [(43264    2    1 1,    86528, 0x0x557ccaf8f0(0x0x557ccaf8f0, 0x(nil)) -> 43264    2    1 1,    86528, 0x0x557ccb6770(0x0x557ccb6770, 0x(nil))) k(0 0    0,        0) pad(0 0) pool(0 0, 1 1)] P[ 22] C[ 24]
 24 SH [(  13   13  512 1,    86528, 0x0x557ccb6770(0x0x557ccb6770, 0x(nil)) ->  512  169    1 1,    86528, 0x0x557dbf2620(0x0x557dbf2620, 0x(nil))) k(0 0    0,        0) pad(0 0) pool(0 0, 1 1)] P[ 23] C[ 25]
 25 SH [( 512  169    1 1,    86528, 0x0x557dbf2620(0x0x557dbf2620, 0x(nil)) ->   13   13  255 1,    43095, 0x0x557cc66c60(0x0x557cc66c60, 0x(nil))) k(0 0    0,        0) pad(0 0) pool(0 0, 1 1)] P[ 24]
 26 SH [(  13   13  256 1,    43264, 0x0x557ccae890(0x0x557ccae890, 0x(nil)) ->  256  169    1 1,    43264, 0x0x557dbb2e50(0x0x557dbb2e50, 0x(nil))) k(0 0    0,        0) pad(0 0) pool(0 0, 1 1)] P[ 20] C[ 27]
 27 SH [( 256  169    1 1,    43264, 0x0x557dbb2e50(0x0x557dbb2e50, 0x(nil)) ->   13   13  128 1,    21632, 0x0x557ccb3030(0x0x557ccb3030, 0x(nil))) k(0 0    0,        0) pad(0 0) pool(0 0, 1 1)] P[ 26] C[ 28]
 28 SH [(21632    1    1 1,    21632, 0x0x557ccb3030(0x0x557ccb3030, 0x(nil)) -> 21632    1    1 1,    21632, 0x0x557ccb77d0(0x0x557ccb77d0, 0x(nil))) k(0 0    0,        0) pad(0 0) pool(0 0, 1 1)] P[ 27] C[ 29]
 29 SH [(  13   13  128 1,    21632, 0x0x557ccb77d0(0x0x557ccb77d0, 0x(nil)) ->   26   26  128 1,   259584, 0x0x557cc7b540(0x0x557cc7b540, 0x(nil))) k(0 0    0,        0) pad(0 0) pool(0 0, 1 1)] P[ 28] C[ 30]
 30 SH [(  26   26  384 1,   259584, 0x0x557cc7b540(0x0x557cc7b540, 0x(nil)) -> 3456  676    1 1,  2336256, 0x0x557e17cbc0(0x0x557e17cbc0, 0x(nil))) k(0 0    0,        0) pad(0 0) pool(0 0, 1 1)] P[  9, 29] C[ 31]
 31 SH [(3456  676    1 1,  2336256, 0x0x557e17cbc0(0x0x557e17cbc0, 0x(nil)) ->   26   26  256 1,   173056, 0x0x557ccbc090(0x0x557ccbc090, 0x(nil))) k(0 0    0,        0) pad(0 0) pool(0 0, 1 1)] P[ 30] C[ 32]
 32 SH [(43264    4    1 1,   173056, 0x0x557ccbc090(0x0x557ccbc090, 0x(nil)) -> 43264    4    1 1,   173056, 0x0x557ccbf7d0(0x0x557ccbf7d0, 0x(nil))) k(0 0    0,        0) pad(0 0) pool(0 0, 1 1)] P[ 31] C[ 33]
 33 SH [(  26   26  256 1,   173056, 0x0x557ccbf7d0(0x0x557ccbf7d0, 0x(nil)) ->  256  676    1 1,   173056, 0x0x557e1df440(0x0x557e1df440, 0x(nil))) k(0 0    0,        0) pad(0 0) pool(0 0, 1 1)] P[ 32] C[ 34]
 34 SH [( 256  676    1 1,   173056, 0x0x557e1df440(0x0x557e1df440, 0x(nil)) ->   26   26  255 1,   172380, 0x0x557cc67480(0x0x557cc67480, 0x(nil))) k(0 0    0,        0) pad(0 0) pool(0 0, 1 1)] P[ 33]
 35 NN [(  32    2    1 1,       64, 0x0x557ccebcb0(0x0x557ccebcb0, 0x(nil)) ->   32    2    1 1,       64, 0x0x557ccec6d0(0x0x557ccec6d0, 0x(nil))) k(2 2    1,      128) pad(0 0) pool(0 0, 1 1)]

 id IN [ x  y  w   h ]   OUT  [ x  y  w  h ] (tx, ty, kpc) (ic, kc, kc/ks, ks/eks, kernel_type) NNT(in, out)

 id | opid IN [ x  y  w   h ]   OUT  [ x  y  w  h ] (tx, ty, kpc) (ic, kc, kc/ks, ks/eks, kernel_type) NNT(in, out)
  0 |   0 NN DD 0x00000000 [   0    0      416      416] -> DD 0x00000000 [   0    0      208      208] ( 62,  10,   2) (    2304,      512, 100.000000%, 80.000001%, DD) (       0,        0)
  1 |   1 TP DD 0x00000000 [   0    0      208      208] -> DD 0x00000000 [   0    0      208      208] (  0,   0,   0) (       0,        0, 0.000000%, 0.000000%, NONE) (       0,        0)
  2 |   2 NN DD 0x00000000 [   0    0      208      208] -> DD 0x00000000 [   0    0      104      104] ( 62,   4,   4) (    6144,     3584, 100.000000%, 68.292683%, DD) (       0,        0)
  3 |   3 TP DD 0x00000000 [   0    0      104      104] -> DD 0x00000000 [   0    0      104      104] (  0,   0,   0) (       0,        0, 0.000000%, 0.000000%, NONE) (       0,        0)
  4 |   4 NN DD 0x00000000 [   0    0      104      104] -> DD 0x00000000 [   0    0       52       52] ( 56,   8,   8) (   18944,     5120, 100.000000%, 22.727273%, DD) (       0,        0)
  5 |   5 SH DD 0x00000000 [   0    0        0        0] -> DD 0x00000000 [   0    0        0        0] (  0,   0,   0) (       0,        0, 0.000000%, 0.000000%, NONE) (       0,        0)
  6 |   6 NN DD 0x00000000 [   0    0       52       52] -> DD 0x00000000 [   0    0       26       26] ( 52,  10,   6) (   41984,    26624, 100.000000%, 30.320701%, DD) (       0,        0)
  7 |   7 SH DD 0x00000000 [   0    0        0        0] -> DD 0x00000000 [   0    0        0        0] (  0,   0,   0) (       0,        0, 0.000000%, 0.000000%, NONE) (       0,        0)
  8 |   8 NN DD 0x00000000 [   0    0       26       26] -> DD 0x00000000 [   0    0       26       26] ( 26,  20,   6) (   79872,   297472, 100.000000%, 95.716637%, DD) (       0,        0)
  9 |   9 SH DD 0x00000000 [   0    0        0        0] -> DD 0x00000000 [   0    0        0        0] (  0,   0,   0) (       0,        0, 0.000000%, 0.000000%, NONE) (       0,        0)
 10 |  10 TP DD 0x00000000 [   0    0       26       26] -> DD 0x00000000 [   0    0       13       13] (  0,   0,   0) (       0,        0, 0.000000%, 0.000000%, NONE) (       0,        0)
 11 |  11 SH DD 0x00000000 [   0    0        0        0] -> DD 0x00000000 [   0    0        0        0] (  0,   0,   0) (       0,        0, 0.000000%, 0.000000%, NONE) (       0,        0)
 12 |  12 SH DD 0x00000000 [   0    0        0        0] -> DD 0x00000000 [   0    0        0        0] (  0,   0,   0) (       0,        0, 0.000000%, 0.000000%, NONE) (       0,        0)
 13 |  13 TP DD 0x00000000 [   0    0       13       13] -> DD 0x00000000 [   0    0       13       13] (  0,   0,   0) (       0,        0, 0.000000%, 0.000000%, NONE) (       0,        0)
 14 |  14 SH DD 0x00000000 [   0    0        0        0] -> DD 0x00000000 [   0    0        0        0] (  0,   0,   0) (       0,        0, 0.000000%, 0.000000%, NONE) (       0,        0)
 15 |  15 SH DD 0x00000000 [   0    0        0        0] -> DD 0x00000000 [   0    0        0        0] (  0,   0,   0) (       0,        0, 0.000000%, 0.000000%, NONE) (       0,        0)
 16 |  16 SH DD 0x00000000 [   0    0        0        0] -> DD 0x00000000 [   0    0        0        0] (  0,   0,   0) (       0,        0, 0.000000%, 0.000000%, NONE) (       0,        0)
 17 |  17 SH DD 0x00000000 [   0    0        0        0] -> DD 0x00000000 [   0    0        0        0] (  0,   0,   0) (       0,        0, 0.000000%, 0.000000%, NONE) (       0,        0)
 18 |  18 SH DD 0x00000000 [   0    0        0        0] -> DD 0x00000000 [   0    0        0        0] (  0,   0,   0) (       0,        0, 0.000000%, 0.000000%, NONE) (       0,        0)
 19 |  19 SH DD 0x00000000 [   0    0        0        0] -> DD 0x00000000 [   0    0        0        0] (  0,   0,   0) (       0,        0, 0.000000%, 0.000000%, NONE) (       0,        0)
 20 |  20 SH DD 0x00000000 [   0    0        0        0] -> DD 0x00000000 [   0    0        0        0] (  0,   0,   0) (       0,        0, 0.000000%, 0.000000%, NONE) (       0,        0)
 21 |  21 SH DD 0x00000000 [   0    0        0        0] -> DD 0x00000000 [   0    0        0        0] (  0,   0,   0) (       0,        0, 0.000000%, 0.000000%, NONE) (       0,        0)
 22 |  22 SH DD 0x00000000 [   0    0        0        0] -> DD 0x00000000 [   0    0        0        0] (  0,   0,   0) (       0,        0, 0.000000%, 0.000000%, NONE) (       0,        0)
 23 |  23 SH DD 0x00000000 [   0    0        0        0] -> DD 0x00000000 [   0    0        0        0] (  0,   0,   0) (       0,        0, 0.000000%, 0.000000%, NONE) (       0,        0)
 24 |  24 SH DD 0x00000000 [   0    0        0        0] -> DD 0x00000000 [   0    0        0        0] (  0,   0,   0) (       0,        0, 0.000000%, 0.000000%, NONE) (       0,        0)
 25 |  25 SH DD 0x00000000 [   0    0        0        0] -> DD 0x00000000 [   0    0        0        0] (  0,   0,   0) (       0,        0, 0.000000%, 0.000000%, NONE) (       0,        0)
 26 |  26 SH DD 0x00000000 [   0    0        0        0] -> DD 0x00000000 [   0    0        0        0] (  0,   0,   0) (       0,        0, 0.000000%, 0.000000%, NONE) (       0,        0)
 27 |  27 SH DD 0x00000000 [   0    0        0        0] -> DD 0x00000000 [   0    0        0        0] (  0,   0,   0) (       0,        0, 0.000000%, 0.000000%, NONE) (       0,        0)
 28 |  28 SH DD 0x00000000 [   0    0        0        0] -> DD 0x00000000 [   0    0        0        0] (  0,   0,   0) (       0,        0, 0.000000%, 0.000000%, NONE) (       0,        0)
 29 |  29 SH DD 0x00000000 [   0    0        0        0] -> DD 0x00000000 [   0    0        0        0] (  0,   0,   0) (       0,        0, 0.000000%, 0.000000%, NONE) (       0,        0)
 30 |  30 SH DD 0x00000000 [   0    0        0        0] -> DD 0x00000000 [   0    0        0        0] (  0,   0,   0) (       0,        0, 0.000000%, 0.000000%, NONE) (       0,        0)
 31 |  31 SH DD 0x00000000 [   0    0        0        0] -> DD 0x00000000 [   0    0        0        0] (  0,   0,   0) (       0,        0, 0.000000%, 0.000000%, NONE) (       0,        0)
 32 |  32 SH DD 0x00000000 [   0    0        0        0] -> DD 0x00000000 [   0    0        0        0] (  0,   0,   0) (       0,        0, 0.000000%, 0.000000%, NONE) (       0,        0)
 33 |  33 SH DD 0x00000000 [   0    0        0        0] -> DD 0x00000000 [   0    0        0        0] (  0,   0,   0) (       0,        0, 0.000000%, 0.000000%, NONE) (       0,        0)
 34 |  34 SH DD 0x00000000 [   0    0        0        0] -> DD 0x00000000 [   0    0        0        0] (  0,   0,   0) (       0,        0, 0.000000%, 0.000000%, NONE) (       0,        0)
 35 |  35 NN DD 0x00000000 [   0    0       32        2] -> DD 0x00000000 [   0    0       32        2] ( 32,   2,   1) (     128,      512, 100.000000%, 400.000000%, DD) (       0,        0)

PreLoadWeightBiases = 1048320  100.000000%
---------------------------End VerifyTiling -------------------------
Verify Graph: 1249ms or 1249832us
Start run graph [1] times...
***********dump layer : 0***************
layer_id: 22 layer name:ConvolutionReluPoolingLayer2 operation[0]:VXNNE_OPERATOR_CONVOLUTION target:VXNNE_OPERATION_TARGET_NN.
uid: 3
abs_op_id: 0
execution time:           3315897 us
[     1] TOTAL_READ_BANDWIDTH  (MByte): 3.193665
[     2] TOTAL_WRITE_BANDWIDTH (MByte): 0.763119
[     3] AXI_READ_BANDWIDTH  (MByte): 0.000000
[     4] AXI_WRITE_BANDWIDTH (MByte): 0.000000
[     5] DDR_READ_BANDWIDTH (MByte): 3.193665
[     6] DDR_WRITE_BANDWIDTH (MByte): 0.763119
[     7] GPUTOTALCYCLES: 2652732789
[     8] GPUIDLECYCLES: 2652350651
VPC_ELAPSETIME: 3316179
*********
***********dump layer : 1***************
layer_id: 0 layer name:LeakyReluLayer operation[0]:VXNNE_OPERATOR_ACTIVATION target:VXNNE_OPERATION_TARGET_TP.
uid: 3
abs_op_id: 1
execution time:            933635 us
[     9] TOTAL_READ_BANDWIDTH  (MByte): 2.067618
[    10] TOTAL_WRITE_BANDWIDTH (MByte): 0.939998
[    11] AXI_READ_BANDWIDTH  (MByte): 0.000000
[    12] AXI_WRITE_BANDWIDTH (MByte): 0.000000
[    13] DDR_READ_BANDWIDTH (MByte): 2.067618
[    14] DDR_WRITE_BANDWIDTH (MByte): 0.939998
[    15] GPUTOTALCYCLES: 747183887
[    16] GPUIDLECYCLES: 746777197
VPC_ELAPSETIME: 933795
*********
***********dump layer : 2***************
layer_id: 23 layer name:ConvolutionReluPoolingLayer2 operation[0]:VXNNE_OPERATOR_CONVOLUTION target:VXNNE_OPERATION_TARGET_NN.
uid: 7
abs_op_id: 2
execution time:           5037205 us
[    17] TOTAL_READ_BANDWIDTH  (MByte): 5.252067
[    18] TOTAL_WRITE_BANDWIDTH (MByte): 0.335875
[    19] AXI_READ_BANDWIDTH  (MByte): 0.000000
[    20] AXI_WRITE_BANDWIDTH (MByte): 0.000000
[    21] DDR_READ_BANDWIDTH (MByte): 5.252067
[    22] DDR_WRITE_BANDWIDTH (MByte): 0.335875
[    23] GPUTOTALCYCLES: 4029970131
[    24] GPUIDLECYCLES: 4029620210
VPC_ELAPSETIME: 5037337
*********
***********dump layer : 3***************
layer_id: 1 layer name:LeakyReluLayer operation[0]:VXNNE_OPERATOR_ACTIVATION target:VXNNE_OPERATION_TARGET_TP.
uid: 7
abs_op_id: 3
execution time:            538907 us
[    25] TOTAL_READ_BANDWIDTH  (MByte): 1.056636
[    26] TOTAL_WRITE_BANDWIDTH (MByte): 0.390013
[    27] AXI_READ_BANDWIDTH  (MByte): 0.000000
[    28] AXI_WRITE_BANDWIDTH (MByte): 0.000000
[    29] DDR_READ_BANDWIDTH (MByte): 1.056636
[    30] DDR_WRITE_BANDWIDTH (MByte): 0.390013
[    31] GPUTOTALCYCLES: 431322593
[    32] GPUIDLECYCLES: 431137439
VPC_ELAPSETIME: 539063
*********
***********dump layer : 4***************
layer_id: 24 layer name:ConvolutionReluPoolingLayer2 operation[0]:VXNNE_OPERATOR_CONVOLUTION target:VXNNE_OPERATION_TARGET_NN.
uid: 11
abs_op_id: 4
execution time:            240216 us
[    33] TOTAL_READ_BANDWIDTH  (MByte): 0.953960
[    34] TOTAL_WRITE_BANDWIDTH (MByte): 0.268737
[    35] AXI_READ_BANDWIDTH  (MByte): 0.000000
[    36] AXI_WRITE_BANDWIDTH (MByte): 0.000000
[    37] DDR_READ_BANDWIDTH (MByte): 0.953960
[    38] DDR_WRITE_BANDWIDTH (MByte): 0.268737
[    39] GPUTOTALCYCLES: 192337596
[    40] GPUIDLECYCLES: 192223645
VPC_ELAPSETIME: 240371
*********
***********dump layer : 5***************
layer_id: 2 layer name:LeakyReluLayer operation[0]:VXNNE_OPERATOR_ACTIVATION target:VXNNE_OPERATION_TARGET_SH.
uid: 11
abs_op_id: 5
shader kernel name: vxLeakyRelu_I8toI8_opt
execution time:            233146 us
[    41] TOTAL_READ_BANDWIDTH  (MByte): 0.465574
[    42] TOTAL_WRITE_BANDWIDTH (MByte): 0.165038
[    43] AXI_READ_BANDWIDTH  (MByte): 0.000000
[    44] AXI_WRITE_BANDWIDTH (MByte): 0.000000
[    45] DDR_READ_BANDWIDTH (MByte): 0.465574
[    46] DDR_WRITE_BANDWIDTH (MByte): 0.165038
[    47] GPUTOTALCYCLES: 186736437
[    48] GPUIDLECYCLES: 186636660
VPC_ELAPSETIME: 233302
*********
***********dump layer : 6***************
layer_id: 25 layer name:ConvolutionReluPoolingLayer2 operation[0]:VXNNE_OPERATOR_CONVOLUTION target:VXNNE_OPERATION_TARGET_NN.
uid: 15
abs_op_id: 6
execution time:            133172 us
[    49] TOTAL_READ_BANDWIDTH  (MByte): 0.327162
[    50] TOTAL_WRITE_BANDWIDTH (MByte): 0.122314
[    51] AXI_READ_BANDWIDTH  (MByte): 0.000000
[    52] AXI_WRITE_BANDWIDTH (MByte): 0.000000
[    53] DDR_READ_BANDWIDTH (MByte): 0.327162
[    54] DDR_WRITE_BANDWIDTH (MByte): 0.122314
[    55] GPUTOTALCYCLES: 106769825
[    56] GPUIDLECYCLES: 106694339
VPC_ELAPSETIME: 133331
*********
***********dump layer : 7***************
layer_id: 3 layer name:LeakyReluLayer operation[0]:VXNNE_OPERATOR_ACTIVATION target:VXNNE_OPERATION_TARGET_SH.
uid: 15
abs_op_id: 7
shader kernel name: vxLeakyRelu_I8toI8_opt1
execution time:            122898 us
[    57] TOTAL_READ_BANDWIDTH  (MByte): 0.240599
[    58] TOTAL_WRITE_BANDWIDTH (MByte): 0.082519
[    59] AXI_READ_BANDWIDTH  (MByte): 0.000000
[    60] AXI_WRITE_BANDWIDTH (MByte): 0.000000
[    61] DDR_READ_BANDWIDTH (MByte): 0.240599
[    62] DDR_WRITE_BANDWIDTH (MByte): 0.082519
[    63] GPUTOTALCYCLES: 98481421
[    64] GPUIDLECYCLES: 98424958
VPC_ELAPSETIME: 123054
*********
***********dump layer : 8***************
layer_id: 26 layer name:ConvolutionReluPoolingLayer2 operation[0]:VXNNE_OPERATOR_CONVOLUTION target:VXNNE_OPERATION_TARGET_NN.
uid: 17
abs_op_id: 8
execution time:           1138375 us
[    65] TOTAL_READ_BANDWIDTH  (MByte): 1.079722
[    66] TOTAL_WRITE_BANDWIDTH (MByte): 0.194274
[    67] AXI_READ_BANDWIDTH  (MByte): 0.000000
[    68] AXI_WRITE_BANDWIDTH (MByte): 0.000000
[    69] DDR_READ_BANDWIDTH (MByte): 1.079722
[    70] DDR_WRITE_BANDWIDTH (MByte): 0.194274
[    71] GPUTOTALCYCLES: 910888241
[    72] GPUIDLECYCLES: 910753985
VPC_ELAPSETIME: 1138541
*********
***********dump layer : 9***************
layer_id: 4 layer name:LeakyReluLayer operation[0]:VXNNE_OPERATOR_ACTIVATION target:VXNNE_OPERATION_TARGET_SH.
uid: 19
abs_op_id: 9
shader kernel name: vxLeakyRelu_I8toI8_opt
execution time:           4046299 us
[    73] TOTAL_READ_BANDWIDTH  (MByte): 5.068565
[    74] TOTAL_WRITE_BANDWIDTH (MByte): 0.165038
[    75] AXI_READ_BANDWIDTH  (MByte): 0.000000
[    76] AXI_WRITE_BANDWIDTH (MByte): 0.000000
[    77] DDR_READ_BANDWIDTH (MByte): 5.068565
[    78] DDR_WRITE_BANDWIDTH (MByte): 0.165038
[    79] GPUTOTALCYCLES: 3237269614
[    80] GPUIDLECYCLES: 3237170061
VPC_ELAPSETIME: 4046436
*********
***********dump layer :10***************
layer_id: 5 layer name:PoolingLayer2 operation[0]:VXNNE_OPERATOR_POOLING target:VXNNE_OPERATION_TARGET_TP.
uid: 20
abs_op_id: 10
execution time:             55432 us
[    81] TOTAL_READ_BANDWIDTH  (MByte): 0.202361
[    82] TOTAL_WRITE_BANDWIDTH (MByte): 0.041260
[    83] AXI_READ_BANDWIDTH  (MByte): 0.000000
[    84] AXI_WRITE_BANDWIDTH (MByte): 0.000000
[    85] DDR_READ_BANDWIDTH (MByte): 0.202361
[    86] DDR_WRITE_BANDWIDTH (MByte): 0.041260
[    87] GPUTOTALCYCLES: 44516993
[    88] GPUIDLECYCLES: 44463709
VPC_ELAPSETIME: 55581
*********
***********dump layer :11***************
layer_id: 6 layer name:ConvolutionLayer operation[0]:VXNNE_OPERATOR_CONVOLUTION target:VXNNE_OPERATION_TARGET_SH.
uid: -1
abs_op_id: 11
shader kernel name: tensor2row_Integer8_3
execution time:            258096 us
[    89] TOTAL_READ_BANDWIDTH  (MByte): 0.363005
[    90] TOTAL_WRITE_BANDWIDTH (MByte): 0.745663
[    91] AXI_READ_BANDWIDTH  (MByte): 0.000000
[    92] AXI_WRITE_BANDWIDTH (MByte): 0.000000
[    93] DDR_READ_BANDWIDTH (MByte): 0.363005
[    94] DDR_WRITE_BANDWIDTH (MByte): 0.745663
[    95] GPUTOTALCYCLES: 206640242
[    96] GPUIDLECYCLES: 205165684
VPC_ELAPSETIME: 258254
*********
***********dump layer :12***************
layer_id: 6 layer name:ConvolutionLayer operation[1]:VXNNE_OPERATOR_CONVOLUTION target:VXNNE_OPERATION_TARGET_SH.
uid: 23
abs_op_id: 12
shader kernel name: gemm_dfp_I8toI8
execution time:            311441 us
[    97] TOTAL_READ_BANDWIDTH  (MByte): 87.965056
[    98] TOTAL_WRITE_BANDWIDTH (MByte): 1.384149
[    99] AXI_READ_BANDWIDTH  (MByte): 0.000000
[   100] AXI_WRITE_BANDWIDTH (MByte): 0.000000
[   101] DDR_READ_BANDWIDTH (MByte): 87.965056
[   102] DDR_WRITE_BANDWIDTH (MByte): 1.384149
[   103] GPUTOTALCYCLES: 249368518
[   104] GPUIDLECYCLES: 201546057
VPC_ELAPSETIME: 311609
*********
***********dump layer :13***************
layer_id: 8 layer name:PoolingLayer2 operation[0]:VXNNE_OPERATOR_POOLING target:VXNNE_OPERATION_TARGET_TP.
uid: 23
abs_op_id: 13
execution time:           1531632 us
[   105] TOTAL_READ_BANDWIDTH  (MByte): 1.939872
[   106] TOTAL_WRITE_BANDWIDTH (MByte): 0.082519
[   107] AXI_READ_BANDWIDTH  (MByte): 0.000000
[   108] AXI_WRITE_BANDWIDTH (MByte): 0.000000
[   109] DDR_READ_BANDWIDTH (MByte): 1.939872
[   110] DDR_WRITE_BANDWIDTH (MByte): 0.082519
[   111] GPUTOTALCYCLES: 1225483106
[   112] GPUIDLECYCLES: 1225435364
VPC_ELAPSETIME: 1531797
*********
***********dump layer :14***************
layer_id: 7 layer name:LeakyReluLayer operation[0]:VXNNE_OPERATOR_ACTIVATION target:VXNNE_OPERATION_TARGET_SH.
uid: 23
abs_op_id: 14
shader kernel name: vxLeakyRelu_I8toI8_opt1
execution time:            244961 us
[   113] TOTAL_READ_BANDWIDTH  (MByte): 0.236159
[   114] TOTAL_WRITE_BANDWIDTH (MByte): 0.082519
[   115] AXI_READ_BANDWIDTH  (MByte): 0.000000
[   116] AXI_WRITE_BANDWIDTH (MByte): 0.000000
[   117] DDR_READ_BANDWIDTH (MByte): 0.236159
[   118] DDR_WRITE_BANDWIDTH (MByte): 0.082519
[   119] GPUTOTALCYCLES: 196172888
[   120] GPUIDLECYCLES: 196116492
VPC_ELAPSETIME: 245115
*********
***********dump layer :15***************
layer_id: 9 layer name:ConvolutionLayer operation[0]:VXNNE_OPERATOR_CONVOLUTION target:VXNNE_OPERATION_TARGET_SH.
uid: -1
abs_op_id: 15
shader kernel name: tensor2row_Integer8_3
execution time:           1049520 us
[   121] TOTAL_READ_BANDWIDTH  (MByte): 0.727261
[   122] TOTAL_WRITE_BANDWIDTH (MByte): 1.488946
[   123] AXI_READ_BANDWIDTH  (MByte): 0.000000
[   124] AXI_WRITE_BANDWIDTH (MByte): 0.000000
[   125] DDR_READ_BANDWIDTH (MByte): 0.727261
[   126] DDR_WRITE_BANDWIDTH (MByte): 1.488946
[   127] GPUTOTALCYCLES: 839824817
[   128] GPUIDLECYCLES: 836879285
VPC_ELAPSETIME: 1049729
*********
***********dump layer :16***************
layer_id: 9 layer name:ConvolutionLayer operation[1]:VXNNE_OPERATOR_CONVOLUTION target:VXNNE_OPERATION_TARGET_SH.
uid: 25
abs_op_id: 16
shader kernel name: gemm_dfp_I8toI8
execution time:           3243879 us
[   129] TOTAL_READ_BANDWIDTH  (MByte): 404.419922
[   130] TOTAL_WRITE_BANDWIDTH (MByte): 2.808825
[   131] AXI_READ_BANDWIDTH  (MByte): 0.000000
[   132] AXI_WRITE_BANDWIDTH (MByte): 0.000000
[   133] DDR_READ_BANDWIDTH (MByte): 404.419922
[   134] DDR_WRITE_BANDWIDTH (MByte): 2.808825
[   135] GPUTOTALCYCLES: 2595322193
[   136] GPUIDLECYCLES: 2404377679
VPC_ELAPSETIME: 3244004
*********
***********dump layer :17***************
layer_id: 10 layer name:LeakyReluLayer operation[0]:VXNNE_OPERATOR_ACTIVATION target:VXNNE_OPERATION_TARGET_SH.
uid: 27
abs_op_id: 17
shader kernel name: vxLeakyRelu_I8toI8_opt1
execution time:            224024 us
[   137] TOTAL_READ_BANDWIDTH  (MByte): 0.306944
[   138] TOTAL_WRITE_BANDWIDTH (MByte): 0.165038
[   139] AXI_READ_BANDWIDTH  (MByte): 0.000000
[   140] AXI_WRITE_BANDWIDTH (MByte): 0.000000
[   141] DDR_READ_BANDWIDTH (MByte): 0.306944
[   142] DDR_WRITE_BANDWIDTH (MByte): 0.165038
[   143] GPUTOTALCYCLES: 179328065
[   144] GPUIDLECYCLES: 179217271
VPC_ELAPSETIME: 224244
*********
***********dump layer :18***************
layer_id: 11 layer name:ConvolutionLayer operation[0]:VXNNE_OPERATOR_CONVOLUTION target:VXNNE_OPERATION_TARGET_SH.
uid: -1
abs_op_id: 18
shader kernel name: tensor2row_8Bits_K1S1
execution time:            113596 us
[   145] TOTAL_READ_BANDWIDTH  (MByte): 0.335478
[   146] TOTAL_WRITE_BANDWIDTH (MByte): 0.276000
[   147] AXI_READ_BANDWIDTH  (MByte): 0.000000
[   148] AXI_WRITE_BANDWIDTH (MByte): 0.000000
[   149] DDR_READ_BANDWIDTH (MByte): 0.335478
[   150] DDR_WRITE_BANDWIDTH (MByte): 0.276000
[   151] GPUTOTALCYCLES: 91203184
[   152] GPUIDLECYCLES: 91050444
VPC_ELAPSETIME: 113831
*********
***********dump layer :19***************
layer_id: 11 layer name:ConvolutionLayer operation[1]:VXNNE_OPERATOR_CONVOLUTION target:VXNNE_OPERATION_TARGET_SH.
uid: 28
abs_op_id: 19
shader kernel name: gemm_dfp_I8toI8
execution time:            149683 us
[   153] TOTAL_READ_BANDWIDTH  (MByte): 9.705217
[   154] TOTAL_WRITE_BANDWIDTH (MByte): 0.361265
[   155] AXI_READ_BANDWIDTH  (MByte): 0.000000
[   156] AXI_WRITE_BANDWIDTH (MByte): 0.000000
[   157] DDR_READ_BANDWIDTH (MByte): 9.705217
[   158] DDR_WRITE_BANDWIDTH (MByte): 0.361265
[   159] GPUTOTALCYCLES: 120064836
[   160] GPUIDLECYCLES: 109383286
VPC_ELAPSETIME: 149897
*********
***********dump layer :20***************
layer_id: 12 layer name:LeakyReluLayer operation[0]:VXNNE_OPERATOR_ACTIVATION target:VXNNE_OPERATION_TARGET_SH.
uid: 30
abs_op_id: 20
shader kernel name: vxLeakyRelu_I8toI8_opt
execution time:            133690 us
[   161] TOTAL_READ_BANDWIDTH  (MByte): 0.212295
[   162] TOTAL_WRITE_BANDWIDTH (MByte): 0.041260
[   163] AXI_READ_BANDWIDTH  (MByte): 0.000000
[   164] AXI_WRITE_BANDWIDTH (MByte): 0.000000
[   165] DDR_READ_BANDWIDTH (MByte): 0.212295
[   166] DDR_WRITE_BANDWIDTH (MByte): 0.041260
[   167] GPUTOTALCYCLES: 107179222
[   168] GPUIDLECYCLES: 107152479
VPC_ELAPSETIME: 133879
*********
***********dump layer :21***************
layer_id: 13 layer name:ConvolutionLayer operation[0]:VXNNE_OPERATOR_CONVOLUTION target:VXNNE_OPERATION_TARGET_SH.
uid: -1
abs_op_id: 21
shader kernel name: tensor2row_Integer8_3
execution time:            565475 us
[   169] TOTAL_READ_BANDWIDTH  (MByte): 0.391646
[   170] TOTAL_WRITE_BANDWIDTH (MByte): 0.742794
[   171] AXI_READ_BANDWIDTH  (MByte): 0.000000
[   172] AXI_WRITE_BANDWIDTH (MByte): 0.000000
[   173] DDR_READ_BANDWIDTH (MByte): 0.391646
[   174] DDR_WRITE_BANDWIDTH (MByte): 0.742794
[   175] GPUTOTALCYCLES: 452681225
[   176] GPUIDLECYCLES: 451207465
VPC_ELAPSETIME: 565731
*********
***********dump layer :22***************
layer_id: 13 layer name:ConvolutionLayer operation[1]:VXNNE_OPERATOR_CONVOLUTION target:VXNNE_OPERATION_TARGET_SH.
uid: 31
abs_op_id: 22
shader kernel name: gemm_dfp_I8toI8
execution time:           5121766 us
[   177] TOTAL_READ_BANDWIDTH  (MByte): 93.818911
[   178] TOTAL_WRITE_BANDWIDTH (MByte): 1.382867
[   179] AXI_READ_BANDWIDTH  (MByte): 0.000000
[   180] AXI_WRITE_BANDWIDTH (MByte): 0.000000
[   181] DDR_READ_BANDWIDTH (MByte): 93.818911
[   182] DDR_WRITE_BANDWIDTH (MByte): 1.382867
[   183] GPUTOTALCYCLES: 4097396714
[   184] GPUIDLECYCLES: 4049579657
VPC_ELAPSETIME: 5705256
*********
***********dump layer :23***************
layer_id: 15 layer name:LeakyReluLayer operation[0]:VXNNE_OPERATOR_ACTIVATION target:VXNNE_OPERATION_TARGET_SH.
uid: 33
abs_op_id: 23
shader kernel name: vxLeakyRelu_I8toI8_opt
execution time:            283292 us
[   185] TOTAL_READ_BANDWIDTH  (MByte): 0.965526
[   186] TOTAL_WRITE_BANDWIDTH (MByte): 0.082519
[   187] AXI_READ_BANDWIDTH  (MByte): 0.000000
[   188] AXI_WRITE_BANDWIDTH (MByte): 0.000000
[   189] DDR_READ_BANDWIDTH (MByte): 0.965526
[   190] DDR_WRITE_BANDWIDTH (MByte): 0.082519
[   191] GPUTOTALCYCLES: 693800378
[   192] GPUIDLECYCLES: 693749569
VPC_ELAPSETIME: 283531
*********
***********dump layer :24***************
layer_id: 17 layer name:ConvolutionLayer operation[0]:VXNNE_OPERATOR_CONVOLUTION target:VXNNE_OPERATION_TARGET_SH.
uid: -1
abs_op_id: 24
shader kernel name: tensor2row_8Bits_K1S1
execution time:           1232529 us
[   193] TOTAL_READ_BANDWIDTH  (MByte): 1.593834
[   194] TOTAL_WRITE_BANDWIDTH (MByte): 0.137145
[   195] AXI_READ_BANDWIDTH  (MByte): 0.000000
[   196] AXI_WRITE_BANDWIDTH (MByte): 0.000000
[   197] DDR_READ_BANDWIDTH (MByte): 1.593834
[   198] DDR_WRITE_BANDWIDTH (MByte): 0.137145
[   199] GPUTOTALCYCLES: 986277521
[   200] GPUIDLECYCLES: 986199998
VPC_ELAPSETIME: 1232765
*********
***********dump layer :25***************
layer_id: 17 layer name:ConvolutionLayer operation[1]:VXNNE_OPERATOR_CONVOLUTION target:VXNNE_OPERATION_TARGET_SH.
uid: 34
abs_op_id: 25
shader kernel name: gemm_dfp_I8toI8
execution time:            145779 us
[   201] TOTAL_READ_BANDWIDTH  (MByte): 4.458308
[   202] TOTAL_WRITE_BANDWIDTH (MByte): 0.063049
[   203] AXI_READ_BANDWIDTH  (MByte): 0.000000
[   204] AXI_WRITE_BANDWIDTH (MByte): 0.000000
[   205] DDR_READ_BANDWIDTH (MByte): 4.458308
[   206] DDR_WRITE_BANDWIDTH (MByte): 0.063049
[   207] GPUTOTALCYCLES: 116913781
[   208] GPUIDLECYCLES: 108315134
VPC_ELAPSETIME: 145982
*********
***********dump layer :26***************
layer_id: 14 layer name:ConvolutionLayer operation[0]:VXNNE_OPERATOR_CONVOLUTION target:VXNNE_OPERATION_TARGET_SH.
uid: -1
abs_op_id: 26
shader kernel name: tensor2row_8Bits_K1S1
execution time:             67902 us
[   209] TOTAL_READ_BANDWIDTH  (MByte): 0.139480
[   210] TOTAL_WRITE_BANDWIDTH (MByte): 0.068969
[   211] AXI_READ_BANDWIDTH  (MByte): 0.000000
[   212] AXI_WRITE_BANDWIDTH (MByte): 0.000000
[   213] DDR_READ_BANDWIDTH (MByte): 0.139480
[   214] DDR_WRITE_BANDWIDTH (MByte): 0.068969
[   215] GPUTOTALCYCLES: 54598203
[   216] GPUIDLECYCLES: 54556457
VPC_ELAPSETIME: 68087
*********
***********dump layer :27***************
layer_id: 14 layer name:ConvolutionLayer operation[1]:VXNNE_OPERATOR_CONVOLUTION target:VXNNE_OPERATION_TARGET_SH.
uid: 37
abs_op_id: 27
shader kernel name: gemm_dfp_I8toI8
execution time:             72734 us
[   217] TOTAL_READ_BANDWIDTH  (MByte): 0.743924
[   218] TOTAL_WRITE_BANDWIDTH (MByte): 0.028442
[   219] AXI_READ_BANDWIDTH  (MByte): 0.000000
[   220] AXI_WRITE_BANDWIDTH (MByte): 0.000000
[   221] DDR_READ_BANDWIDTH (MByte): 0.743924
[   222] DDR_WRITE_BANDWIDTH (MByte): 0.028442
[   223] GPUTOTALCYCLES: 58450026
[   224] GPUIDLECYCLES: 57071814
VPC_ELAPSETIME: 72911
*********
***********dump layer :28***************
layer_id: 16 layer name:LeakyReluLayer operation[0]:VXNNE_OPERATOR_ACTIVATION target:VXNNE_OPERATION_TARGET_SH.
uid: 39
abs_op_id: 28
shader kernel name: vxLeakyRelu_I8toI8_opt
execution time:             68663 us
[   225] TOTAL_READ_BANDWIDTH  (MByte): 0.112945
[   226] TOTAL_WRITE_BANDWIDTH (MByte): 0.020630
[   227] AXI_READ_BANDWIDTH  (MByte): 0.000000
[   228] AXI_WRITE_BANDWIDTH (MByte): 0.000000
[   229] DDR_READ_BANDWIDTH (MByte): 0.112945
[   230] DDR_WRITE_BANDWIDTH (MByte): 0.020630
[   231] GPUTOTALCYCLES: 55146574
[   232] GPUIDLECYCLES: 55132205
VPC_ELAPSETIME: 68867
*********
***********dump layer :29***************
layer_id: 18 layer name:TensorScale operation[0]:unkown operation type target:VXNNE_OPERATION_TARGET_SH.
uid: 40
abs_op_id: 29
shader kernel name: resize_nearest_8bits_2x_upsample
execution time:            272344 us
[   233] TOTAL_READ_BANDWIDTH  (MByte): 0.191833
[   234] TOTAL_WRITE_BANDWIDTH (MByte): 0.082580
[   235] AXI_READ_BANDWIDTH  (MByte): 0.000000
[   236] AXI_WRITE_BANDWIDTH (MByte): 0.000000
[   237] DDR_READ_BANDWIDTH (MByte): 0.191833
[   238] DDR_WRITE_BANDWIDTH (MByte): 0.082580
[   239] GPUTOTALCYCLES: 218172334
[   240] GPUIDLECYCLES: 218076116
VPC_ELAPSETIME: 272600
*********
***********dump layer :30***************
layer_id: 19 layer name:ConvolutionLayer operation[0]:VXNNE_OPERATOR_CONVOLUTION target:VXNNE_OPERATION_TARGET_SH.
uid: -1
abs_op_id: 30
shader kernel name: tensor2row_Integer8_3_S1
execution time:          10422605 us
[   241] TOTAL_READ_BANDWIDTH  (MByte): 13.411454
[   242] TOTAL_WRITE_BANDWIDTH (MByte): 5.949985
[   243] AXI_READ_BANDWIDTH  (MByte): 0.000000
[   244] AXI_WRITE_BANDWIDTH (MByte): 0.000000
[   245] DDR_READ_BANDWIDTH (MByte): 13.411454
[   246] DDR_WRITE_BANDWIDTH (MByte): 5.949985
[   247] GPUTOTALCYCLES: 4043317206
[   248] GPUIDLECYCLES: 4040647874
VPC_ELAPSETIME: 10422874
*********
***********dump layer :31***************
layer_id: 19 layer name:ConvolutionLayer operation[1]:VXNNE_OPERATOR_CONVOLUTION target:VXNNE_OPERATION_TARGET_SH.
uid: 42
abs_op_id: 31
shader kernel name: gemm_dfp_I8toI8
execution time:           2134384 us
[   249] TOTAL_READ_BANDWIDTH  (MByte): 294.014233
[   250] TOTAL_WRITE_BANDWIDTH (MByte): 2.639087
[   251] AXI_READ_BANDWIDTH  (MByte): 0.000000
[   252] AXI_WRITE_BANDWIDTH (MByte): 0.000000
[   253] DDR_READ_BANDWIDTH (MByte): 294.014233
[   254] DDR_WRITE_BANDWIDTH (MByte): 2.639087
[   255] GPUTOTALCYCLES: 1708211053
[   256] GPUIDLECYCLES: 1567370325
VPC_ELAPSETIME: 2134619
*********
***********dump layer :32***************
layer_id: 20 layer name:LeakyReluLayer operation[0]:VXNNE_OPERATOR_ACTIVATION target:VXNNE_OPERATION_TARGET_SH.
uid: 44
abs_op_id: 32
shader kernel name: vxLeakyRelu_I8toI8_opt1
execution time:           3987904 us
[   257] TOTAL_READ_BANDWIDTH  (MByte): 5.001549
[   258] TOTAL_WRITE_BANDWIDTH (MByte): 0.165038
[   259] AXI_READ_BANDWIDTH  (MByte): 0.000000
[   260] AXI_WRITE_BANDWIDTH (MByte): 0.000000
[   261] DDR_READ_BANDWIDTH (MByte): 5.001549
[   262] DDR_WRITE_BANDWIDTH (MByte): 0.165038
[   263] GPUTOTALCYCLES: 3190523028
[   264] GPUIDLECYCLES: 3190411708
VPC_ELAPSETIME: 3988177
*********
***********dump layer :33***************
layer_id: 21 layer name:ConvolutionLayer operation[0]:VXNNE_OPERATOR_CONVOLUTION target:VXNNE_OPERATION_TARGET_SH.
uid: -1
abs_op_id: 33
shader kernel name: tensor2row_8Bits_K1S1
execution time:           1741849 us
[   265] TOTAL_READ_BANDWIDTH  (MByte): 1.251337
[   266] TOTAL_WRITE_BANDWIDTH (MByte): 0.330748
[   267] AXI_READ_BANDWIDTH  (MByte): 0.000000
[   268] AXI_WRITE_BANDWIDTH (MByte): 0.000000
[   269] DDR_READ_BANDWIDTH (MByte): 1.251337
[   270] DDR_WRITE_BANDWIDTH (MByte): 0.330748
[   271] GPUTOTALCYCLES: 1393908867
[   272] GPUIDLECYCLES: 1393767219
VPC_ELAPSETIME: 1741987
*********
***********dump layer :34***************
layer_id: 21 layer name:ConvolutionLayer operation[1]:VXNNE_OPERATOR_CONVOLUTION target:VXNNE_OPERATION_TARGET_SH.
uid: 45
abs_op_id: 34
shader kernel name: gemm_dfp_I8toI8
execution time:           3747830 us
[   273] TOTAL_READ_BANDWIDTH  (MByte): 13.016649
[   274] TOTAL_WRITE_BANDWIDTH (MByte): 0.177062
[   275] AXI_READ_BANDWIDTH  (MByte): 0.000000
[   276] AXI_WRITE_BANDWIDTH (MByte): 0.000000
[   277] DDR_READ_BANDWIDTH (MByte): 13.016649
[   278] DDR_WRITE_BANDWIDTH (MByte): 0.177062
[   279] GPUTOTALCYCLES: 2998308511
[   280] GPUIDLECYCLES: 2981068030
VPC_ELAPSETIME: 3748538
*********
Run the 1 time: 53516.00ms or 53516784.00us
vxProcessGraph execution time:
Total   53516.00ms or 53516868.00us
Average 53516.87ms or 53516868.00us
 --- Top5 ---
 12: 71494644084506624.000000
168: 71494644084506624.000000
182: 71494644084506624.000000
183: 71494644084506624.000000
184: 71494644084506624.000000
khadas@Khadas:~/hussain/op_test_yolov3_minimal_using_export.data1/bin_r_cv4$
