===========================================================================
20220811 executing mnist4.onnx on khadas for few times
===========================================================================
khadas@Khadas:~/hussain/nbg_unify_mnist3$ cd ../nbg_unify_mnist4/
khadas@Khadas:~/hussain/nbg_unify_mnist4$ ./build_vx.sh
  COMPILE /home/khadas/hussain/nbg_unify_mnist4/vnn_pre_process.c
  COMPILE /home/khadas/hussain/nbg_unify_mnist4/vnn_mnist.c
vnn_mnist.c: In function ‘vnn_CreateMnist’:
vnn_mnist.c:146:29: warning: unused variable ‘data’ [-Wunused-variable]
  146 |     uint8_t *               data;
      |                             ^~~~
At top level:
vnn_mnist.c:94:17: warning: ‘load_data’ defined but not used [-Wunused-function]
   94 | static uint8_t* load_data
      |                 ^~~~~~~~~
  COMPILE /home/khadas/hussain/nbg_unify_mnist4/main.c
  COMPILE /home/khadas/hussain/nbg_unify_mnist4/vnn_post_process.c
make: Nothing to be done for 'all'.
khadas@Khadas:~/hussain/nbg_unify_mnist4$ ./bin_r_cv4/mnist mnist.nb bmp/2.bmp.jpg
Create Neural Network: 12ms or 12252us

+++++++++++++ fdata[0] after mean: -127.000000

+++++++++++++ fdata[0] means: 127.000000 127.000000 127.000000

+++++++++++++ fdata[0] after scaling: -32385.000000
Verify...
Verify Graph: 0ms or 938us
Start run graph [1] times...
Run the 1 time: 0.00ms or 545.00us
vxProcessGraph execution time:
Total   0.00ms or 579.00us
Average 0.58ms or 579.00us
 --- Top5 ---
  2: 0.000000
  8: -5.867475
  3: -6.763895
  7: -10.023603
  4: -11.001515
khadas@Khadas:~/hussain/nbg_unify_mnist4$ ./bin_r_cv4/mnist mnist.nb bmp/2.bmp.jpg
Create Neural Network: 11ms or 11795us

+++++++++++++ fdata[0] after mean: -127.000000

+++++++++++++ fdata[0] means: 127.000000 127.000000 127.000000

+++++++++++++ fdata[0] after scaling: -32385.000000
Verify...
Verify Graph: 0ms or 898us
Start run graph [1] times...
Run the 1 time: 0.00ms or 541.00us
vxProcessGraph execution time:
Total   0.00ms or 574.00us
Average 0.57ms or 574.00us
 --- Top5 ---
  2: 0.000000
  8: -5.867475
  3: -6.763895
  7: -10.023603
  4: -11.001515
khadas@Khadas:~/hussain/nbg_unify_mnist4$ ./bin_r_cv4/mnist mnist.nb bmp/2.bmp.jpg
Create Neural Network: 11ms or 11330us

+++++++++++++ fdata[0] after mean: -127.000000

+++++++++++++ fdata[0] means: 127.000000 127.000000 127.000000

+++++++++++++ fdata[0] after scaling: -32385.000000
Verify...
Verify Graph: 0ms or 872us
Start run graph [1] times...
Run the 1 time: 0.00ms or 551.00us
vxProcessGraph execution time:
Total   0.00ms or 586.00us
Average 0.59ms or 586.00us
 --- Top5 ---
  2: 0.000000
  8: -5.867475
  3: -6.763895
  7: -10.023603
  4: -11.001515
khadas@Khadas:~/hussain/nbg_unify_mnist4$ ./bin_r_cv4/mnist mnist.nb bmp/2.bmp.jpg
Create Neural Network: 12ms or 12238us

+++++++++++++ fdata[0] after mean: -127.000000

+++++++++++++ fdata[0] means: 127.000000 127.000000 127.000000

+++++++++++++ fdata[0] after scaling: -32385.000000
Verify...
Verify Graph: 1ms or 1880us
Start run graph [1] times...
Run the 1 time: 0.00ms or 807.00us
vxProcessGraph execution time:
Total   0.00ms or 898.00us
Average 0.90ms or 898.00us
 --- Top5 ---
  2: 0.000000
  8: -5.867475
  3: -6.763895
  7: -10.023603
  4: -11.001515
khadas@Khadas:~/hussain/nbg_unify_mnist4$ ./bin_r_cv4/mnist mnist.nb bmp/2.bmp.jpg
Create Neural Network: 12ms or 12422us

+++++++++++++ fdata[0] after mean: -127.000000

+++++++++++++ fdata[0] means: 127.000000 127.000000 127.000000

+++++++++++++ fdata[0] after scaling: -32385.000000
Verify...
Verify Graph: 1ms or 1724us
Start run graph [1] times...
Run the 1 time: 0.00ms or 552.00us
vxProcessGraph execution time:
Total   0.00ms or 585.00us
Average 0.58ms or 585.00us
 --- Top5 ---
  2: 0.000000
  8: -5.867475
  3: -6.763895
  7: -10.023603
  4: -11.001515
khadas@Khadas:~/hussain/nbg_unify_mnist4$
