===========================================================================
20220811 executing mnist2.onnx on khadas for few times
===========================================================================
khadas@Khadas:~/hussain/nbg_unify_mnist1$ cd ../nbg_unify_mnist2/
khadas@Khadas:~/hussain/nbg_unify_mnist2$ ./build_vx.sh
  COMPILE /home/khadas/hussain/nbg_unify_mnist2/vnn_pre_process.c
  COMPILE /home/khadas/hussain/nbg_unify_mnist2/vnn_mnist.c
vnn_mnist.c: In function ‘vnn_CreateMnist’:
vnn_mnist.c:146:29: warning: unused variable ‘data’ [-Wunused-variable]
  146 |     uint8_t *               data;
      |                             ^~~~
At top level:
vnn_mnist.c:94:17: warning: ‘load_data’ defined but not used [-Wunused-function]
   94 | static uint8_t* load_data
      |                 ^~~~~~~~~
  COMPILE /home/khadas/hussain/nbg_unify_mnist2/main.c
  COMPILE /home/khadas/hussain/nbg_unify_mnist2/vnn_post_process.c
make: Nothing to be done for 'all'.
khadas@Khadas:~/hussain/nbg_unify_mnist2$ ./bin_r_cv4/mnist mnist.nb bmp/2.bmp.jpg
Create Neural Network: 12ms or 12674us

+++++++++++++ fdata[0] after mean: -127.000000

+++++++++++++ fdata[0] means: 127.000000 127.000000 127.000000

+++++++++++++ fdata[0] after scaling: -32385.000000
Verify...
Verify Graph: 0ms or 898us
Start run graph [1] times...
Run the 1 time: 0.00ms or 561.00us
vxProcessGraph execution time:
Total   0.00ms or 596.00us
Average 0.60ms or 596.00us
 --- Top5 ---
  2: 0.000000
  4: -9.781246
  7: -10.112814
  8: -10.112814
  3: -10.775949
khadas@Khadas:~/hussain/nbg_unify_mnist2$ ./bin_r_cv4/mnist mnist.nb bmp/2.bmp.jpg
Create Neural Network: 8ms or 8603us

+++++++++++++ fdata[0] after mean: -127.000000

+++++++++++++ fdata[0] means: 127.000000 127.000000 127.000000

+++++++++++++ fdata[0] after scaling: -32385.000000
Verify...
Verify Graph: 0ms or 886us
Start run graph [1] times...
Run the 1 time: 0.00ms or 548.00us
vxProcessGraph execution time:
Total   0.00ms or 583.00us
Average 0.58ms or 583.00us
 --- Top5 ---
  2: 0.000000
  4: -9.781246
  7: -10.112814
  8: -10.112814
  3: -10.775949
khadas@Khadas:~/hussain/nbg_unify_mnist2$ ./bin_r_cv4/mnist mnist.nb bmp/2.bmp.jpg
Create Neural Network: 12ms or 12222us

+++++++++++++ fdata[0] after mean: -127.000000

+++++++++++++ fdata[0] means: 127.000000 127.000000 127.000000

+++++++++++++ fdata[0] after scaling: -32385.000000
Verify...
Verify Graph: 1ms or 1867us
Start run graph [1] times...
Run the 1 time: 0.00ms or 750.00us
vxProcessGraph execution time:
Total   0.00ms or 844.00us
Average 0.84ms or 844.00us
 --- Top5 ---
  2: 0.000000
  4: -9.781246
  7: -10.112814
  8: -10.112814
  3: -10.775949
khadas@Khadas:~/hussain/nbg_unify_mnist2$ ./bin_r_cv4/mnist mnist.nb bmp/2.bmp.jpg
Create Neural Network: 12ms or 12698us

+++++++++++++ fdata[0] after mean: -127.000000

+++++++++++++ fdata[0] means: 127.000000 127.000000 127.000000

+++++++++++++ fdata[0] after scaling: -32385.000000
Verify...
Verify Graph: 1ms or 1938us
Start run graph [1] times...
Run the 1 time: 0.00ms or 838.00us
vxProcessGraph execution time:
Total   1.00ms or 1016.00us
Average 1.02ms or 1016.00us
 --- Top5 ---
  2: 0.000000
  4: -9.781246
  7: -10.112814
  8: -10.112814
  3: -10.775949
khadas@Khadas:~/hussain/nbg_unify_mnist2$ ./bin_r_cv4/mnist mnist.nb bmp/2.bmp.jpg
Create Neural Network: 12ms or 12116us

+++++++++++++ fdata[0] after mean: -127.000000

+++++++++++++ fdata[0] means: 127.000000 127.000000 127.000000

+++++++++++++ fdata[0] after scaling: -32385.000000
Verify...
Verify Graph: 0ms or 892us
Start run graph [1] times...
Run the 1 time: 0.00ms or 557.00us
vxProcessGraph execution time:
Total   0.00ms or 590.00us
Average 0.59ms or 590.00us
 --- Top5 ---
  2: 0.000000
  4: -9.781246
  7: -10.112814
  8: -10.112814
  3: -10.775949
khadas@Khadas:~/hussain/nbg_unify_mnist2$
