===========================================================================
20220811 executing mnist0.onnx on khadas for few times
===========================================================================
khadas@Khadas:~/hussain/nbg_unify_mnistx$ cd ..
khadas@Khadas:~/hussain$ cp -r nbg_unify_mnistx nbg_unify_mnist0
khadas@Khadas:~/hussain$ cp -r nbg_unify_mnistx nbg_unify_mnist1
khadas@Khadas:~/hussain$ cp -r nbg_unify_mnistx nbg_unify_mnist2
khadas@Khadas:~/hussain$ cp -r nbg_unify_mnistx nbg_unify_mnist3
khadas@Khadas:~/hussain$ cp -r nbg_unify_mnistx nbg_unify_mnist4
khadas@Khadas:~/hussain$ cd nbg_unify_mnist0/
khadas@Khadas:~/hussain/nbg_unify_mnist0$ ./build_vx.sh
  COMPILE /home/khadas/hussain/nbg_unify_mnist0/vnn_pre_process.c
  COMPILE /home/khadas/hussain/nbg_unify_mnist0/vnn_mnist.c
vnn_mnist.c: In function ‘vnn_CreateMnist’:
vnn_mnist.c:146:29: warning: unused variable ‘data’ [-Wunused-variable]
  146 |     uint8_t *               data;
      |                             ^~~~
At top level:
vnn_mnist.c:94:17: warning: ‘load_data’ defined but not used [-Wunused-function]
   94 | static uint8_t* load_data
      |                 ^~~~~~~~~
  COMPILE /home/khadas/hussain/nbg_unify_mnist0/main.c
  COMPILE /home/khadas/hussain/nbg_unify_mnist0/vnn_post_process.c
make: Nothing to be done for 'all'.
khadas@Khadas:~/hussain/nbg_unify_mnist0$ ./bin_r_cv4/mnist mnist.nb bmp/2.bmp.jpg
Create Neural Network: 9ms or 9881us

+++++++++++++ fdata[0] after mean: -127.000000

+++++++++++++ fdata[0] means: 127.000000 127.000000 127.000000

+++++++++++++ fdata[0] after scaling: -32385.000000
Verify...
Verify Graph: 0ms or 917us
Start run graph [1] times...
Run the 1 time: 0.00ms or 597.00us
vxProcessGraph execution time:
Total   0.00ms or 633.00us
Average 0.63ms or 633.00us
 --- Top5 ---
  2: 0.000000
  3: -9.260773
  8: -10.754446
  7: -12.546853
  1: -15.832934
khadas@Khadas:~/hussain/nbg_unify_mnist0$ ./bin_r_cv4/mnist mnist.nb bmp/2.bmp.jpg
Create Neural Network: 12ms or 12811us

+++++++++++++ fdata[0] after mean: -127.000000

+++++++++++++ fdata[0] means: 127.000000 127.000000 127.000000

+++++++++++++ fdata[0] after scaling: -32385.000000
Verify...
Verify Graph: 1ms or 1843us
Start run graph [1] times...
Run the 1 time: 1.00ms or 1279.00us
vxProcessGraph execution time:
Total   1.00ms or 1355.00us
Average 1.36ms or 1355.00us
 --- Top5 ---
  2: 0.000000
  3: -9.260773
  8: -10.754446
  7: -12.546853
  1: -15.832934
khadas@Khadas:~/hussain/nbg_unify_mnist0$ ./bin_r_cv4/mnist mnist.nb bmp/2.bmp.jpg
Create Neural Network: 10ms or 10948us

+++++++++++++ fdata[0] after mean: -127.000000

+++++++++++++ fdata[0] means: 127.000000 127.000000 127.000000

+++++++++++++ fdata[0] after scaling: -32385.000000
Verify...
Verify Graph: 0ms or 872us
Start run graph [1] times...
Run the 1 time: 0.00ms or 603.00us
vxProcessGraph execution time:
Total   0.00ms or 634.00us
Average 0.63ms or 634.00us
 --- Top5 ---
  2: 0.000000
  3: -9.260773
  8: -10.754446
  7: -12.546853
  1: -15.832934
khadas@Khadas:~/hussain/nbg_unify_mnist0$ ./bin_r_cv4/mnist mnist.nb bmp/2.bmp.jpg
Create Neural Network: 12ms or 12019us

+++++++++++++ fdata[0] after mean: -127.000000

+++++++++++++ fdata[0] means: 127.000000 127.000000 127.000000

+++++++++++++ fdata[0] after scaling: -32385.000000
Verify...
Verify Graph: 1ms or 1884us
Start run graph [1] times...
Run the 1 time: 0.00ms or 834.00us
vxProcessGraph execution time:
Total   0.00ms or 993.00us
Average 0.99ms or 993.00us
 --- Top5 ---
  2: 0.000000
  3: -9.260773
  8: -10.754446
  7: -12.546853
  1: -15.832934
khadas@Khadas:~/hussain/nbg_unify_mnist0$ ./bin_r_cv4/mnist mnist.nb bmp/2.bmp.jpg
Create Neural Network: 12ms or 12994us

+++++++++++++ fdata[0] after mean: -127.000000

+++++++++++++ fdata[0] means: 127.000000 127.000000 127.000000

+++++++++++++ fdata[0] after scaling: -32385.000000
Verify...
Verify Graph: 1ms or 1830us
Start run graph [1] times...
Run the 1 time: 1.00ms or 1173.00us
vxProcessGraph execution time:
Total   1.00ms or 1355.00us
Average 1.36ms or 1355.00us
 --- Top5 ---
  2: 0.000000
  3: -9.260773
  8: -10.754446
  7: -12.546853
  1: -15.832934
khadas@Khadas:~/hussain/nbg_unify_mnist0$
