Last login: Sat Aug 13 15:59:24 2022 from 192.168.178.33
khadas@Khadas:~$ cd hussain/nbg_unify_mnistrA0/
khadas@Khadas:~/hussain/nbg_unify_mnistrA0$ ./build_vx.sh
  COMPILE /home/khadas/hussain/nbg_unify_mnistrA0/vnn_pre_process.c
  COMPILE /home/khadas/hussain/nbg_unify_mnistrA0/vnn_mnist.c
vnn_mnist.c: In function ‘vnn_CreateMnist’:
vnn_mnist.c:146:29: warning: unused variable ‘data’ [-Wunused-variable]
  146 |     uint8_t *               data;
      |                             ^~~~
At top level:
vnn_mnist.c:94:17: warning: ‘load_data’ defined but not used [-Wunused-function]
   94 | static uint8_t* load_data
      |                 ^~~~~~~~~
  COMPILE /home/khadas/hussain/nbg_unify_mnistrA0/main.c
  COMPILE /home/khadas/hussain/nbg_unify_mnistrA0/vnn_post_process.c
make: Nothing to be done for 'all'.
khadas@Khadas:~/hussain/nbg_unify_mnistrA0$ ./bin_r_cv4/mnist mnist.nb bmp/2.bmp.jpg
Create Neural Network: 45ms or 45259us
Verify...
Verify Graph: 0ms or 953us
Start run graph [1] times...
Run the 1 time: 9.00ms or 9415.00us
vxProcessGraph execution time:
Total   9.00ms or 9456.00us
Average 9.46ms or 9456.00us
 --- Top5 ---
  2: -0.686239
  3: -1.118315
  8: -2.007884
  7: -4.295347
  1: -5.235748
khadas@Khadas:~/hussain/nbg_unify_mnistrA0$ ./bin_r_cv4/mnist mnist.nb bmp/2.bmp.jpg
Create Neural Network: 49ms or 49331us
Verify...
Verify Graph: 0ms or 919us
Start run graph [1] times...
Run the 1 time: 9.00ms or 9351.00us
vxProcessGraph execution time:
Total   9.00ms or 9393.00us
Average 9.39ms or 9393.00us
 --- Top5 ---
  2: -0.686239
  3: -1.118315
  8: -2.007884
  7: -4.295347
  1: -5.235748
khadas@Khadas:~/hussain/nbg_unify_mnistrA0$ ./bin_r_cv4/mnist mnist.nb bmp/2.bmp.jpg
Create Neural Network: 53ms or 53889us
Verify...
Verify Graph: 0ms or 978us
Start run graph [1] times...
Run the 1 time: 9.00ms or 9670.00us
vxProcessGraph execution time:
Total   9.00ms or 9726.00us
Average 9.73ms or 9726.00us
 --- Top5 ---
  2: -0.686239
  3: -1.118315
  8: -2.007884
  7: -4.295347
  1: -5.235748
khadas@Khadas:~/hussain/nbg_unify_mnistrA0$ ./bin_r_cv4/mnist mnist.nb bmp/2.bmp.jpg
Create Neural Network: 46ms or 46966us
Verify...
Verify Graph: 1ms or 1678us
Start run graph [1] times...
Run the 1 time: 9.00ms or 9822.00us
vxProcessGraph execution time:
Total   9.00ms or 9878.00us
Average 9.88ms or 9878.00us
 --- Top5 ---
  2: -0.686239
  3: -1.118315
  8: -2.007884
  7: -4.295347
  1: -5.235748
khadas@Khadas:~/hussain/nbg_unify_mnistrA0$ ./bin_r_cv4/mnist mnist.nb bmp/2.bmp.jpg
Create Neural Network: 59ms or 59435us
Verify...
Verify Graph: 1ms or 1036us
Start run graph [1] times...
Run the 1 time: 9.00ms or 9852.00us
vxProcessGraph execution time:
Total   9.00ms or 9906.00us
Average 9.91ms or 9906.00us
 --- Top5 ---
  2: -0.686239
  3: -1.118315
  8: -2.007884
  7: -4.295347
  1: -5.235748
khadas@Khadas:~/hussain/nbg_unify_mnistrA0$
