===========================================================================
20220811 executing mnist3.onnx on khadas for few times
===========================================================================
khadas@Khadas:~/hussain/nbg_unify_mnist2$ cd ../nbg_unify_mnist3/
khadas@Khadas:~/hussain/nbg_unify_mnist3$ ./build_vx.sh
  COMPILE /home/khadas/hussain/nbg_unify_mnist3/vnn_pre_process.c
  COMPILE /home/khadas/hussain/nbg_unify_mnist3/vnn_mnist.c
vnn_mnist.c: In function ‘vnn_CreateMnist’:
vnn_mnist.c:146:29: warning: unused variable ‘data’ [-Wunused-variable]
  146 |     uint8_t *               data;
      |                             ^~~~
At top level:
vnn_mnist.c:94:17: warning: ‘load_data’ defined but not used [-Wunused-function]
   94 | static uint8_t* load_data
      |                 ^~~~~~~~~
  COMPILE /home/khadas/hussain/nbg_unify_mnist3/main.c
  COMPILE /home/khadas/hussain/nbg_unify_mnist3/vnn_post_process.c
make: Nothing to be done for 'all'.
khadas@Khadas:~/hussain/nbg_unify_mnist3$ ./bin_r_cv4/mnist mnist.nb bmp/2.bmp.jpg
Create Neural Network: 12ms or 12234us

+++++++++++++ fdata[0] after mean: -127.000000

+++++++++++++ fdata[0] means: 127.000000 127.000000 127.000000

+++++++++++++ fdata[0] after scaling: -32385.000000
Verify...
Verify Graph: 0ms or 906us
Start run graph [1] times...
Run the 1 time: 0.00ms or 561.00us
vxProcessGraph execution time:
Total   0.00ms or 595.00us
Average 0.60ms or 595.00us
 --- Top5 ---
  2: 0.000000
  8: -6.196880
  3: -9.132245
  0: -11.904533
  4: -12.475299
khadas@Khadas:~/hussain/nbg_unify_mnist3$ ./bin_r_cv4/mnist mnist.nb bmp/2.bmp.jpg
Create Neural Network: 13ms or 13049us

+++++++++++++ fdata[0] after mean: -127.000000

+++++++++++++ fdata[0] means: 127.000000 127.000000 127.000000

+++++++++++++ fdata[0] after scaling: -32385.000000
Verify...
Verify Graph: 0ms or 970us
Start run graph [1] times...
Run the 1 time: 0.00ms or 576.00us
vxProcessGraph execution time:
Total   0.00ms or 610.00us
Average 0.61ms or 610.00us
 --- Top5 ---
  2: 0.000000
  8: -6.196880
  3: -9.132245
  0: -11.904533
  4: -12.475299
khadas@Khadas:~/hussain/nbg_unify_mnist3$ ./bin_r_cv4/mnist mnist.nb bmp/2.bmp.jpg
Create Neural Network: 12ms or 12233us

+++++++++++++ fdata[0] after mean: -127.000000

+++++++++++++ fdata[0] means: 127.000000 127.000000 127.000000

+++++++++++++ fdata[0] after scaling: -32385.000000
Verify...
Verify Graph: 1ms or 1913us
Start run graph [1] times...
Run the 1 time: 1.00ms or 1202.00us
vxProcessGraph execution time:
Total   1.00ms or 1292.00us
Average 1.29ms or 1292.00us
 --- Top5 ---
  2: 0.000000
  8: -6.196880
  3: -9.132245
  0: -11.904533
  4: -12.475299
khadas@Khadas:~/hussain/nbg_unify_mnist3$ ./bin_r_cv4/mnist mnist.nb bmp/2.bmp.jpg
Create Neural Network: 11ms or 11266us

+++++++++++++ fdata[0] after mean: -127.000000

+++++++++++++ fdata[0] means: 127.000000 127.000000 127.000000

+++++++++++++ fdata[0] after scaling: -32385.000000
Verify...
Verify Graph: 0ms or 884us
Start run graph [1] times...
Run the 1 time: 0.00ms or 583.00us
vxProcessGraph execution time:
Total   0.00ms or 616.00us
Average 0.62ms or 616.00us
 --- Top5 ---
  2: 0.000000
  8: -6.196880
  3: -9.132245
  0: -11.904533
  4: -12.475299
khadas@Khadas:~/hussain/nbg_unify_mnist3$ ./bin_r_cv4/mnist mnist.nb bmp/2.bmp.jpg
Create Neural Network: 12ms or 12967us

+++++++++++++ fdata[0] after mean: -127.000000

+++++++++++++ fdata[0] means: 127.000000 127.000000 127.000000

+++++++++++++ fdata[0] after scaling: -32385.000000
Verify...
Verify Graph: 0ms or 952us
Start run graph [1] times...
Run the 1 time: 0.00ms or 554.00us
vxProcessGraph execution time:
Total   0.00ms or 589.00us
Average 0.59ms or 589.00us
 --- Top5 ---
  2: 0.000000
  8: -6.196880
  3: -9.132245
  0: -11.904533
  4: -12.475299
khadas@Khadas:~/hussain/nbg_unify_mnist3$
