===========================================================================
20220811 executing mnist1.onnx on khadas for few times
===========================================================================
khadas@Khadas:~/hussain/nbg_unify_mnist0$ cd ../nbg_unify_mnist1/
khadas@Khadas:~/hussain/nbg_unify_mnist1$ ./build_vx.sh
  COMPILE /home/khadas/hussain/nbg_unify_mnist1/vnn_pre_process.c
  COMPILE /home/khadas/hussain/nbg_unify_mnist1/vnn_mnist.c
vnn_mnist.c: In function ‘vnn_CreateMnist’:
vnn_mnist.c:146:29: warning: unused variable ‘data’ [-Wunused-variable]
  146 |     uint8_t *               data;
      |                             ^~~~
At top level:
vnn_mnist.c:94:17: warning: ‘load_data’ defined but not used [-Wunused-function]
   94 | static uint8_t* load_data
      |                 ^~~~~~~~~
  COMPILE /home/khadas/hussain/nbg_unify_mnist1/main.c
  COMPILE /home/khadas/hussain/nbg_unify_mnist1/vnn_post_process.c
make: Nothing to be done for 'all'.
khadas@Khadas:~/hussain/nbg_unify_mnist1$ ./bin_r_cv4/mnist mnist.nb bmp/2.bmp.jpg
Create Neural Network: 12ms or 12152us

+++++++++++++ fdata[0] after mean: -127.000000

+++++++++++++ fdata[0] means: 127.000000 127.000000 127.000000

+++++++++++++ fdata[0] after scaling: -32385.000000
Verify...
Verify Graph: 1ms or 1822us
Start run graph [1] times...
Run the 1 time: 1.00ms or 1150.00us
vxProcessGraph execution time:
Total   1.00ms or 1241.00us
Average 1.24ms or 1241.00us
 --- Top5 ---
  2: 0.000000
  3: -11.280636
  7: -13.590057
  1: -14.211825
  8: -15.188889
khadas@Khadas:~/hussain/nbg_unify_mnist1$ ./bin_r_cv4/mnist mnist.nb bmp/2.bmp.jpg
Create Neural Network: 12ms or 12155us

+++++++++++++ fdata[0] after mean: -127.000000

+++++++++++++ fdata[0] means: 127.000000 127.000000 127.000000

+++++++++++++ fdata[0] after scaling: -32385.000000
Verify...
Verify Graph: 1ms or 1985us
Start run graph [1] times...
Run the 1 time: 0.00ms or 805.00us
vxProcessGraph execution time:
Total   1.00ms or 1030.00us
Average 1.03ms or 1030.00us
 --- Top5 ---
  2: 0.000000
  3: -11.280636
  7: -13.590057
  1: -14.211825
  8: -15.188889
khadas@Khadas:~/hussain/nbg_unify_mnist1$ ./bin_r_cv4/mnist mnist.nb bmp/2.bmp.jpg
Create Neural Network: 12ms or 12120us

+++++++++++++ fdata[0] after mean: -127.000000

+++++++++++++ fdata[0] means: 127.000000 127.000000 127.000000

+++++++++++++ fdata[0] after scaling: -32385.000000
Verify...
Verify Graph: 1ms or 1088us
Start run graph [1] times...
Run the 1 time: 0.00ms or 587.00us
vxProcessGraph execution time:
Total   0.00ms or 618.00us
Average 0.62ms or 618.00us
 --- Top5 ---
  2: 0.000000
  3: -11.280636
  7: -13.590057
  1: -14.211825
  8: -15.188889
khadas@Khadas:~/hussain/nbg_unify_mnist1$ ./bin_r_cv4/mnist mnist.nb bmp/2.bmp.jpg
Create Neural Network: 12ms or 12176us

+++++++++++++ fdata[0] after mean: -127.000000

+++++++++++++ fdata[0] means: 127.000000 127.000000 127.000000

+++++++++++++ fdata[0] after scaling: -32385.000000
Verify...
Verify Graph: 1ms or 1804us
Start run graph [1] times...
Run the 1 time: 0.00ms or 754.00us
vxProcessGraph execution time:
Total   0.00ms or 844.00us
Average 0.84ms or 844.00us
 --- Top5 ---
  2: 0.000000
  3: -11.280636
  7: -13.590057
  1: -14.211825
  8: -15.188889
khadas@Khadas:~/hussain/nbg_unify_mnist1$ ./bin_r_cv4/mnist mnist.nb bmp/2.bmp.jpg
Create Neural Network: 12ms or 12382us

+++++++++++++ fdata[0] after mean: -127.000000

+++++++++++++ fdata[0] means: 127.000000 127.000000 127.000000

+++++++++++++ fdata[0] after scaling: -32385.000000
Verify...
Verify Graph: 1ms or 1767us
Start run graph [1] times...
Run the 1 time: 0.00ms or 774.00us
vxProcessGraph execution time:
Total   0.00ms or 849.00us
Average 0.85ms or 849.00us
 --- Top5 ---
  2: 0.000000
  3: -11.280636
  7: -13.590057
  1: -14.211825
  8: -15.188889
khadas@Khadas:~/hussain/nbg_unify_mnist1$
