khadas@Khadas:~/hussain/nbg_unify_mnistrA3$ cd ../nbg_unify_mnistrA4
khadas@Khadas:~/hussain/nbg_unify_mnistrA4$ ./build_vx.sh
  COMPILE /home/khadas/hussain/nbg_unify_mnistrA4/vnn_pre_process.c
  COMPILE /home/khadas/hussain/nbg_unify_mnistrA4/vnn_mnist.c
vnn_mnist.c: In function ‘vnn_CreateMnist’:
vnn_mnist.c:146:29: warning: unused variable ‘data’ [-Wunused-variable]
  146 |     uint8_t *               data;
      |                             ^~~~
At top level:
vnn_mnist.c:94:17: warning: ‘load_data’ defined but not used [-Wunused-function]
   94 | static uint8_t* load_data
      |                 ^~~~~~~~~
  COMPILE /home/khadas/hussain/nbg_unify_mnistrA4/main.c
  COMPILE /home/khadas/hussain/nbg_unify_mnistrA4/vnn_post_process.c
make: Nothing to be done for 'all'.
khadas@Khadas:~/hussain/nbg_unify_mnistrA4$ ./bin_r_cv4/mnist mnist.nb bmp/2.bmp.jpg
Create Neural Network: 37ms or 37143us
Verify...
Verify Graph: 0ms or 946us
Start run graph [1] times...
Run the 1 time: 8.00ms or 8859.00us
vxProcessGraph execution time:
Total   8.00ms or 8904.00us
Average 8.90ms or 8904.00us
 --- Top5 ---
  2: -0.216400
  3: -2.560733
  0: -2.596799
  8: -2.957466
  7: -5.446065
khadas@Khadas:~/hussain/nbg_unify_mnistrA4$ ./bin_r_cv4/mnist mnist.nb bmp/2.bmp.jpg
Create Neural Network: 53ms or 53555us
Verify...
Verify Graph: 1ms or 1027us
Start run graph [1] times...
Run the 1 time: 8.00ms or 8866.00us
vxProcessGraph execution time:
Total   8.00ms or 8904.00us
Average 8.90ms or 8904.00us
 --- Top5 ---
  2: -0.216400
  3: -2.560733
  0: -2.596799
  8: -2.957466
  7: -5.446065
khadas@Khadas:~/hussain/nbg_unify_mnistrA4$ ./bin_r_cv4/mnist mnist.nb bmp/2.bmp.jpg
Create Neural Network: 38ms or 38560us
Verify...
Verify Graph: 0ms or 981us
Start run graph [1] times...
Run the 1 time: 8.00ms or 8873.00us
vxProcessGraph execution time:
Total   8.00ms or 8925.00us
Average 8.93ms or 8925.00us
 --- Top5 ---
  2: -0.216400
  3: -2.560733
  0: -2.596799
  8: -2.957466
  7: -5.446065
khadas@Khadas:~/hussain/nbg_unify_mnistrA4$ ./bin_r_cv4/mnist mnist.nb bmp/2.bmp.jpg
Create Neural Network: 37ms or 37685us
Verify...
Verify Graph: 0ms or 995us
Start run graph [1] times...
Run the 1 time: 8.00ms or 8899.00us
vxProcessGraph execution time:
Total   8.00ms or 8937.00us
Average 8.94ms or 8937.00us
 --- Top5 ---
  2: -0.216400
  3: -2.560733
  0: -2.596799
  8: -2.957466
  7: -5.446065
khadas@Khadas:~/hussain/nbg_unify_mnistrA4$ ./bin_r_cv4/mnist mnist.nb bmp/2.bmp.jpg
Create Neural Network: 37ms or 37802us
Verify...
Verify Graph: 1ms or 1010us
Start run graph [1] times...
Run the 1 time: 8.00ms or 8871.00us
vxProcessGraph execution time:
Total   8.00ms or 8906.00us
Average 8.91ms or 8906.00us
 --- Top5 ---
  2: -0.216400
  3: -2.560733
  0: -2.596799
  8: -2.957466
  7: -5.446065
khadas@Khadas:~/hussain/nbg_unify_mnistrA4$
